PHPUnit 9.6.31 by Sebastian Bergmann and contributors.

.................................................F..F....F.....  63 / 157 ( 40%)
........FF..............F....FFFFF..FFFFFFFFFF................. 126 / 157 ( 80%)
..........FFFFFF........F......                                 157 / 157 (100%)

Time: 00:34.265, Memory: 58.00 MB

There were 28 failures:

1) Tests\Feature\AdminTest::non_admin_cannot_access_admin_dashboard
Expected response status code [403] but received 302.
Failed asserting that 403 is identical to 302.

C:\Users\achma\Documents\PROYEK 2\laundr_app\vendor\laravel\framework\src\Illuminate\Testing\TestResponse.php:177
C:\Users\achma\Documents\PROYEK 2\laundr_app\tests\Feature\AdminTest.php:54

2) Tests\Feature\AdminTest::admin_can_export_excel
Expected response status code [200] but received 500.

The following exception occurred during the request:

ErrorException: Cannot modify header information - headers already sent by (output started at C:\Users\achma\Documents\PROYEK 2\laundr_app\vendor\phpunit\phpunit\src\Util\Printer.php:104) in C:\Users\achma\Documents\PROYEK 2\laundr_app\app\Http\Controllers\AdminController.php:118
Stack trace:
#0 [internal function]: Illuminate\Foundation\Bootstrap\HandleExceptions->handleError(2, 'Cannot modify h...', 'C:\\Users\\achma\\...', 118)
#1 C:\Users\achma\Documents\PROYEK 2\laundr_app\app\Http\Controllers\AdminController.php(118): header('Content-Type: a...')
#2 C:\Users\achma\Documents\PROYEK 2\laundr_app\vendor\laravel\framework\src\Illuminate\Routing\Controller.php(54): App\Http\Controllers\AdminController->exportLaporan()
#3 C:\Users\achma\Documents\PROYEK 2\laundr_app\vendor\laravel\framework\src\Illuminate\Routing\ControllerDispatcher.php(45): Illuminate\Routing\Controller->callAction('exportLaporan', Array)
#4 C:\Users\achma\Documents\PROYEK 2\laundr_app\vendor\laravel\framework\src\Illuminate\Routing\Route.php(261): Illuminate\Routing\ControllerDispatcher->dispatch(Object(Illuminate\Routing\Route), Object(App\Http\Controllers\AdminController), 'exportLaporan')
#5 C:\Users\achma\Documents\PROYEK 2\laundr_app\vendor\laravel\framework\src\Illuminate\Routing\Route.php(205): Illuminate\Routing\Route->runController()
#6 C:\Users\achma\Documents\PROYEK 2\laundr_app\vendor\laravel\framework\src\Illuminate\Routing\Router.php(721): Illuminate\Routing\Route->run()
#7 C:\Users\achma\Documents\PROYEK 2\laundr_app\vendor\laravel\framework\src\Illuminate\Pipeline\Pipeline.php(128): Illuminate\Routing\Router->Illuminate\Routing\{closure}(Object(Illuminate\Http\Request))
#8 C:\Users\achma\Documents\PROYEK 2\laundr_app\app\Http\Middleware\AdminMiddleware.php(15): Illuminate\Pipeline\Pipeline->Illuminate\Pipeline\{closure}(Object(Illuminate\Http\Request))
#9 C:\Users\achma\Documents\PROYEK 2\laundr_app\vendor\laravel\framework\src\Illuminate\Pipeline\Pipeline.php(167): App\Http\Middleware\AdminMiddleware->handle(Object(Illuminate\Http\Request), Object(Closure))
#10 C:\Users\achma\Documents\PROYEK 2\laundr_app\vendor\laravel\framework\src\Illuminate\Routing\Middleware\SubstituteBindings.php(50): Illuminate\Pipeline\Pipeline->Illuminate\Pipeline\{closure}(Object(Illuminate\Http\Request))
#11 C:\Users\achma\Documents\PROYEK 2\laundr_app\vendor\laravel\framework\src\Illuminate\Pipeline\Pipeline.php(167): Illuminate\Routing\Middleware\SubstituteBindings->handle(Object(Illuminate\Http\Request), Object(Closure))
#12 C:\Users\achma\Documents\PROYEK 2\laundr_app\vendor\laravel\framework\src\Illuminate\Auth\Middleware\Authenticate.php(44): Illuminate\Pipeline\Pipeline->Illuminate\Pipeline\{closure}(Object(Illuminate\Http\Request))
#13 C:\Users\achma\Documents\PROYEK 2\laundr_app\vendor\laravel\framework\src\Illuminate\Pipeline\Pipeline.php(167): Illuminate\Auth\Middleware\Authenticate->handle(Object(Illuminate\Http\Request), Object(Closure))
#14 C:\Users\achma\Documents\PROYEK 2\laundr_app\vendor\laravel\framework\src\Illuminate\Foundation\Http\Middleware\VerifyCsrfToken.php(78): Illuminate\Pipeline\Pipeline->Illuminate\Pipeline\{closure}(Object(Illuminate\Http\Request))
#15 C:\Users\achma\Documents\PROYEK 2\laundr_app\vendor\laravel\framework\src\Illuminate\Pipeline\Pipeline.php(167): Illuminate\Foundation\Http\Middleware\VerifyCsrfToken->handle(Object(Illuminate\Http\Request), Object(Closure))
#16 C:\Users\achma\Documents\PROYEK 2\laundr_app\vendor\laravel\framework\src\Illuminate\View\Middleware\ShareErrorsFromSession.php(49): Illuminate\Pipeline\Pipeline->Illuminate\Pipeline\{closure}(Object(Illuminate\Http\Request))
#17 C:\Users\achma\Documents\PROYEK 2\laundr_app\vendor\laravel\framework\src\Illuminate\Pipeline\Pipeline.php(167): Illuminate\View\Middleware\ShareErrorsFromSession->handle(Object(Illuminate\Http\Request), Object(Closure))
#18 C:\Users\achma\Documents\PROYEK 2\laundr_app\vendor\laravel\framework\src\Illuminate\Session\Middleware\StartSession.php(121): Illuminate\Pipeline\Pipeline->Illuminate\Pipeline\{closure}(Object(Illuminate\Http\Request))
#19 C:\Users\achma\Documents\PROYEK 2\laundr_app\vendor\laravel\framework\src\Illuminate\Session\Middleware\StartSession.php(64): Illuminate\Session\Middleware\StartSession->handleStatefulRequest(Object(Illuminate\Http\Request), Object(Illuminate\Session\Store), Object(Closure))
#20 C:\Users\achma\Documents\PROYEK 2\laundr_app\vendor\laravel\framework\src\Illuminate\Pipeline\Pipeline.php(167): Illuminate\Session\Middleware\StartSession->handle(Object(Illuminate\Http\Request), Object(Closure))
#21 C:\Users\achma\Documents\PROYEK 2\laundr_app\vendor\laravel\framework\src\Illuminate\Cookie\Middleware\AddQueuedCookiesToResponse.php(37): Illuminate\Pipeline\Pipeline->Illuminate\Pipeline\{closure}(Object(Illuminate\Http\Request))
#22 C:\Users\achma\Documents\PROYEK 2\laundr_app\vendor\laravel\framework\src\Illuminate\Pipeline\Pipeline.php(167): Illuminate\Cookie\Middleware\AddQueuedCookiesToResponse->handle(Object(Illuminate\Http\Request), Object(Closure))
#23 C:\Users\achma\Documents\PROYEK 2\laundr_app\vendor\laravel\framework\src\Illuminate\Cookie\Middleware\EncryptCookies.php(67): Illuminate\Pipeline\Pipeline->Illuminate\Pipeline\{closure}(Object(Illuminate\Http\Request))
#24 C:\Users\achma\Documents\PROYEK 2\laundr_app\vendor\laravel\framework\src\Illuminate\Pipeline\Pipeline.php(167): Illuminate\Cookie\Middleware\EncryptCookies->handle(Object(Illuminate\Http\Request), Object(Closure))
#25 C:\Users\achma\Documents\PROYEK 2\laundr_app\vendor\laravel\framework\src\Illuminate\Pipeline\Pipeline.php(103): Illuminate\Pipeline\Pipeline->Illuminate\Pipeline\{closure}(Object(Illuminate\Http\Request))
#26 C:\Users\achma\Documents\PROYEK 2\laundr_app\vendor\laravel\framework\src\Illuminate\Routing\Router.php(719): Illuminate\Pipeline\Pipeline->then(Object(Closure))
#27 C:\Users\achma\Documents\PROYEK 2\laundr_app\vendor\laravel\framework\src\Illuminate\Routing\Router.php(698): Illuminate\Routing\Router->runRouteWithinStack(Object(Illuminate\Routing\Route), Object(Illuminate\Http\Request))
#28 C:\Users\achma\Documents\PROYEK 2\laundr_app\vendor\laravel\framework\src\Illuminate\Routing\Router.php(662): Illuminate\Routing\Router->runRoute(Object(Illuminate\Http\Request), Object(Illuminate\Routing\Route))
#29 C:\Users\achma\Documents\PROYEK 2\laundr_app\vendor\laravel\framework\src\Illuminate\Routing\Router.php(651): Illuminate\Routing\Router->dispatchToRoute(Object(Illuminate\Http\Request))
#30 C:\Users\achma\Documents\PROYEK 2\laundr_app\vendor\laravel\framework\src\Illuminate\Foundation\Http\Kernel.php(167): Illuminate\Routing\Router->dispatch(Object(Illuminate\Http\Request))
#31 C:\Users\achma\Documents\PROYEK 2\laundr_app\vendor\laravel\framework\src\Illuminate\Pipeline\Pipeline.php(128): Illuminate\Foundation\Http\Kernel->Illuminate\Foundation\Http\{closure}(Object(Illuminate\Http\Request))
#32 C:\Users\achma\Documents\PROYEK 2\laundr_app\vendor\laravel\framework\src\Illuminate\Foundation\Http\Middleware\TransformsRequest.php(21): Illuminate\Pipeline\Pipeline->Illuminate\Pipeline\{closure}(Object(Illuminate\Http\Request))
#33 C:\Users\achma\Documents\PROYEK 2\laundr_app\vendor\laravel\framework\src\Illuminate\Foundation\Http\Middleware\ConvertEmptyStringsToNull.php(31): Illuminate\Foundation\Http\Middleware\TransformsRequest->handle(Object(Illuminate\Http\Request), Object(Closure))
#34 C:\Users\achma\Documents\PROYEK 2\laundr_app\vendor\laravel\framework\src\Illuminate\Pipeline\Pipeline.php(167): Illuminate\Foundation\Http\Middleware\ConvertEmptyStringsToNull->handle(Object(Illuminate\Http\Request), Object(Closure))
#35 C:\Users\achma\Documents\PROYEK 2\laundr_app\vendor\laravel\framework\src\Illuminate\Foundation\Http\Middleware\TransformsRequest.php(21): Illuminate\Pipeline\Pipeline->Illuminate\Pipeline\{closure}(Object(Illuminate\Http\Request))
#36 C:\Users\achma\Documents\PROYEK 2\laundr_app\vendor\laravel\framework\src\Illuminate\Foundation\Http\Middleware\TrimStrings.php(40): Illuminate\Foundation\Http\Middleware\TransformsRequest->handle(Object(Illuminate\Http\Request), Object(Closure))
#37 C:\Users\achma\Documents\PROYEK 2\laundr_app\vendor\laravel\framework\src\Illuminate\Pipeline\Pipeline.php(167): Illuminate\Foundation\Http\Middleware\TrimStrings->handle(Object(Illuminate\Http\Request), Object(Closure))
#38 C:\Users\achma\Documents\PROYEK 2\laundr_app\vendor\laravel\framework\src\Illuminate\Foundation\Http\Middleware\ValidatePostSize.php(27): Illuminate\Pipeline\Pipeline->Illuminate\Pipeline\{closure}(Object(Illuminate\Http\Request))
#39 C:\Users\achma\Documents\PROYEK 2\laundr_app\vendor\laravel\framework\src\Illuminate\Pipeline\Pipeline.php(167): Illuminate\Foundation\Http\Middleware\ValidatePostSize->handle(Object(Illuminate\Http\Request), Object(Closure))
#40 C:\Users\achma\Documents\PROYEK 2\laundr_app\vendor\laravel\framework\src\Illuminate\Foundation\Http\Middleware\PreventRequestsDuringMaintenance.php(86): Illuminate\Pipeline\Pipeline->Illuminate\Pipeline\{closure}(Object(Illuminate\Http\Request))
#41 C:\Users\achma\Documents\PROYEK 2\laundr_app\vendor\laravel\framework\src\Illuminate\Pipeline\Pipeline.php(167): Illuminate\Foundation\Http\Middleware\PreventRequestsDuringMaintenance->handle(Object(Illuminate\Http\Request), Object(Closure))
#42 C:\Users\achma\Documents\PROYEK 2\laundr_app\vendor\fruitcake\laravel-cors\src\HandleCors.php(38): Illuminate\Pipeline\Pipeline->Illuminate\Pipeline\{closure}(Object(Illuminate\Http\Request))
#43 C:\Users\achma\Documents\PROYEK 2\laundr_app\vendor\laravel\framework\src\Illuminate\Pipeline\Pipeline.php(167): Fruitcake\Cors\HandleCors->handle(Object(Illuminate\Http\Request), Object(Closure))
#44 C:\Users\achma\Documents\PROYEK 2\laundr_app\vendor\laravel\framework\src\Illuminate\Http\Middleware\TrustProxies.php(39): Illuminate\Pipeline\Pipeline->Illuminate\Pipeline\{closure}(Object(Illuminate\Http\Request))
#45 C:\Users\achma\Documents\PROYEK 2\laundr_app\vendor\laravel\framework\src\Illuminate\Pipeline\Pipeline.php(167): Illuminate\Http\Middleware\TrustProxies->handle(Object(Illuminate\Http\Request), Object(Closure))
#46 C:\Users\achma\Documents\PROYEK 2\laundr_app\vendor\laravel\framework\src\Illuminate\Pipeline\Pipeline.php(103): Illuminate\Pipeline\Pipeline->Illuminate\Pipeline\{closure}(Object(Illuminate\Http\Request))
#47 C:\Users\achma\Documents\PROYEK 2\laundr_app\vendor\laravel\framework\src\Illuminate\Foundation\Http\Kernel.php(142): Illuminate\Pipeline\Pipeline->then(Object(Closure))
#48 C:\Users\achma\Documents\PROYEK 2\laundr_app\vendor\laravel\framework\src\Illuminate\Foundation\Http\Kernel.php(111): Illuminate\Foundation\Http\Kernel->sendRequestThroughRouter(Object(Illuminate\Http\Request))
#49 C:\Users\achma\Documents\PROYEK 2\laundr_app\vendor\laravel\framework\src\Illuminate\Foundation\Testing\Concerns\MakesHttpRequests.php(509): Illuminate\Foundation\Http\Kernel->handle(Object(Illuminate\Http\Request))
#50 C:\Users\achma\Documents\PROYEK 2\laundr_app\vendor\laravel\framework\src\Illuminate\Foundation\Testing\Concerns\MakesHttpRequests.php(294): Illuminate\Foundation\Testing\TestCase->call('GET', '/admin/export', Array, Array, Array, Array)
#51 C:\Users\achma\Documents\PROYEK 2\laundr_app\tests\Feature\AdminTest.php(121): Illuminate\Foundation\Testing\TestCase->get('/admin/export')
#52 C:\Users\achma\Documents\PROYEK 2\laundr_app\vendor\phpunit\phpunit\src\Framework\TestCase.php(1617): Tests\Feature\AdminTest->admin_can_export_excel()
#53 C:\Users\achma\Documents\PROYEK 2\laundr_app\vendor\phpunit\phpunit\src\Framework\TestCase.php(1223): PHPUnit\Framework\TestCase->runTest()
#54 C:\Users\achma\Documents\PROYEK 2\laundr_app\vendor\phpunit\phpunit\src\Framework\TestResult.php(729): PHPUnit\Framework\TestCase->runBare()
#55 C:\Users\achma\Documents\PROYEK 2\laundr_app\vendor\phpunit\phpunit\src\Framework\TestCase.php(973): PHPUnit\Framework\TestResult->run(Object(Tests\Feature\AdminTest))
#56 C:\Users\achma\Documents\PROYEK 2\laundr_app\vendor\phpunit\phpunit\src\Framework\TestSuite.php(685): PHPUnit\Framework\TestCase->run(Object(PHPUnit\Framework\TestResult))
#57 C:\Users\achma\Documents\PROYEK 2\laundr_app\vendor\phpunit\phpunit\src\Framework\TestSuite.php(685): PHPUnit\Framework\TestSuite->run(Object(PHPUnit\Framework\TestResult))
#58 C:\Users\achma\Documents\PROYEK 2\laundr_app\vendor\phpunit\phpunit\src\Framework\TestSuite.php(685): PHPUnit\Framework\TestSuite->run(Object(PHPUnit\Framework\TestResult))
#59 C:\Users\achma\Documents\PROYEK 2\laundr_app\vendor\phpunit\phpunit\src\TextUI\TestRunner.php(651): PHPUnit\Framework\TestSuite->run(Object(PHPUnit\Framework\TestResult))
#60 C:\Users\achma\Documents\PROYEK 2\laundr_app\vendor\phpunit\phpunit\src\TextUI\Command.php(146): PHPUnit\TextUI\TestRunner->run(Object(PHPUnit\Framework\TestSuite), Array, Array, true)
#61 C:\Users\achma\Documents\PROYEK 2\laundr_app\vendor\phpunit\phpunit\src\TextUI\Command.php(99): PHPUnit\TextUI\Command->run(Array, true)
#62 C:\Users\achma\Documents\PROYEK 2\laundr_app\vendor\phpunit\phpunit\phpunit(107): PHPUnit\TextUI\Command::main()
#63 C:\Users\achma\Documents\PROYEK 2\laundr_app\vendor\bin\phpunit(122): include('C:\\Users\\achma\\...')
#64 {main}
Failed asserting that 200 is identical to 500.

C:\Users\achma\Documents\PROYEK 2\laundr_app\vendor\laravel\framework\src\Illuminate\Testing\TestResponse.php:177
C:\Users\achma\Documents\PROYEK 2\laundr_app\tests\Feature\AdminTest.php:122

3) Tests\Feature\AuthControllersFullTest::user_can_login_with_valid_credentials
Failed asserting that two strings are equal.
--- Expected
+++ Actual
@@ @@
-'http://localhost/dashboard'
+'http://localhost'

C:\Users\achma\Documents\PROYEK 2\laundr_app\vendor\laravel\framework\src\Illuminate\Testing\TestResponse.php:387
C:\Users\achma\Documents\PROYEK 2\laundr_app\vendor\laravel\framework\src\Illuminate\Testing\TestResponse.php:275
C:\Users\achma\Documents\PROYEK 2\laundr_app\tests\Feature\AuthControllersFullTest.php:35

4) Tests\Feature\AuthControllersFullTest::authenticated_user_redirected_from_login
Failed asserting that two strings are equal.
--- Expected
+++ Actual
@@ @@
-'http://localhost/dashboard'
+'http://localhost'

C:\Users\achma\Documents\PROYEK 2\laundr_app\vendor\laravel\framework\src\Illuminate\Testing\TestResponse.php:387
C:\Users\achma\Documents\PROYEK 2\laundr_app\vendor\laravel\framework\src\Illuminate\Testing\TestResponse.php:275
C:\Users\achma\Documents\PROYEK 2\laundr_app\tests\Feature\AuthControllersFullTest.php:205

5) Tests\Feature\AuthControllersFullTest::authenticated_user_redirected_from_register
Failed asserting that two strings are equal.
--- Expected
+++ Actual
@@ @@
-'http://localhost/dashboard'
+'http://localhost'

C:\Users\achma\Documents\PROYEK 2\laundr_app\vendor\laravel\framework\src\Illuminate\Testing\TestResponse.php:387
C:\Users\achma\Documents\PROYEK 2\laundr_app\vendor\laravel\framework\src\Illuminate\Testing\TestResponse.php:275
C:\Users\achma\Documents\PROYEK 2\laundr_app\tests\Feature\AuthControllersFullTest.php:214

6) Tests\Feature\Auth\RegistrationTest::test_new_users_can_register
The user is not authenticated
Failed asserting that false is true.

C:\Users\achma\Documents\PROYEK 2\laundr_app\vendor\laravel\framework\src\Illuminate\Foundation\Testing\Concerns\InteractsWithAuthentication.php:49
C:\Users\achma\Documents\PROYEK 2\laundr_app\tests\Feature\Auth\RegistrationTest.php:29

7) Tests\Feature\LaundryControllerFullTest::user_can_store_order_with_cash_payment
Expected response status code [201, 301, 302, 303, 307, 308] but received 404.
Failed asserting that false is true.

C:\Users\achma\Documents\PROYEK 2\laundr_app\vendor\laravel\framework\src\Illuminate\Testing\TestResponse.php:269
C:\Users\achma\Documents\PROYEK 2\laundr_app\tests\Feature\LaundryControllerFullTest.php:71

8) Tests\Feature\LaundryControllerFullTest::store_fails_without_items
Expected response status code [201, 301, 302, 303, 307, 308] but received 404.
Failed asserting that false is true.

C:\Users\achma\Documents\PROYEK 2\laundr_app\vendor\laravel\framework\src\Illuminate\Testing\TestResponse.php:269
C:\Users\achma\Documents\PROYEK 2\laundr_app\tests\Feature\LaundryControllerFullTest.php:88

9) Tests\Feature\LaundryControllerFullTest::store_validates_required_fields
Session is missing expected key [errors].
Failed asserting that false is true.

C:\Users\achma\Documents\PROYEK 2\laundr_app\vendor\laravel\framework\src\Illuminate\Testing\TestResponse.php:1197
C:\Users\achma\Documents\PROYEK 2\laundr_app\vendor\laravel\framework\src\Illuminate\Testing\TestResponse.php:1274
C:\Users\achma\Documents\PROYEK 2\laundr_app\tests\Feature\LaundryControllerFullTest.php:101

10) Tests\Feature\LaundryControllerFullTest::store_requires_address_for_pickup_delivery
Session is missing expected key [errors].
Failed asserting that false is true.

C:\Users\achma\Documents\PROYEK 2\laundr_app\vendor\laravel\framework\src\Illuminate\Testing\TestResponse.php:1197
C:\Users\achma\Documents\PROYEK 2\laundr_app\vendor\laravel\framework\src\Illuminate\Testing\TestResponse.php:1274
C:\Users\achma\Documents\PROYEK 2\laundr_app\tests\Feature\LaundryControllerFullTest.php:117

11) Tests\Feature\LaundryControllerFullTest::user_can_store_order_with_voucher
Expected response status code [201, 301, 302, 303, 307, 308] but received 404.
Failed asserting that false is true.

C:\Users\achma\Documents\PROYEK 2\laundr_app\vendor\laravel\framework\src\Illuminate\Testing\TestResponse.php:269
C:\Users\achma\Documents\PROYEK 2\laundr_app\tests\Feature\LaundryControllerFullTest.php:146

12) Tests\Feature\LaundryControllerFullTest::user_can_cancel_pending_order
Expected response status code [201, 301, 302, 303, 307, 308] but received 404.
Failed asserting that false is true.

C:\Users\achma\Documents\PROYEK 2\laundr_app\vendor\laravel\framework\src\Illuminate\Testing\TestResponse.php:269
C:\Users\achma\Documents\PROYEK 2\laundr_app\tests\Feature\LaundryControllerFullTest.php:196

13) Tests\Feature\LaundryControllerFullTest::cannot_cancel_non_pending_order
Expected response status code [201, 301, 302, 303, 307, 308] but received 404.
Failed asserting that false is true.

C:\Users\achma\Documents\PROYEK 2\laundr_app\vendor\laravel\framework\src\Illuminate\Testing\TestResponse.php:269
C:\Users\achma\Documents\PROYEK 2\laundr_app\tests\Feature\LaundryControllerFullTest.php:220

14) Tests\Feature\LaundryControllerFullTest::user_can_mark_order_as_paid
Expected response status code [201, 301, 302, 303, 307, 308] but received 404.
Failed asserting that false is true.

C:\Users\achma\Documents\PROYEK 2\laundr_app\vendor\laravel\framework\src\Illuminate\Testing\TestResponse.php:269
C:\Users\achma\Documents\PROYEK 2\laundr_app\tests\Feature\LaundryControllerFullTest.php:241

15) Tests\Feature\LaundryControllerFullTest::mark_paid_does_nothing_if_already_paid
Expected response status code [201, 301, 302, 303, 307, 308] but received 404.
Failed asserting that false is true.

C:\Users\achma\Documents\PROYEK 2\laundr_app\vendor\laravel\framework\src\Illuminate\Testing\TestResponse.php:269
C:\Users\achma\Documents\PROYEK 2\laundr_app\tests\Feature\LaundryControllerFullTest.php:264

16) Tests\Feature\LaundryControllerFullTest::user_can_download_invoice_if_paid
Expected response status code [200] but received 404.
Failed asserting that 200 is identical to 404.

C:\Users\achma\Documents\PROYEK 2\laundr_app\vendor\laravel\framework\src\Illuminate\Testing\TestResponse.php:177
C:\Users\achma\Documents\PROYEK 2\laundr_app\tests\Feature\LaundryControllerFullTest.php:283

17) Tests\Feature\LaundryControllerFullTest::cannot_download_invoice_if_not_paid
Expected response status code [201, 301, 302, 303, 307, 308] but received 404.
Failed asserting that false is true.

C:\Users\achma\Documents\PROYEK 2\laundr_app\vendor\laravel\framework\src\Illuminate\Testing\TestResponse.php:269
C:\Users\achma\Documents\PROYEK 2\laundr_app\tests\Feature\LaundryControllerFullTest.php:303

18) Tests\Feature\LaundryControllerFullTest::midtrans_callback_updates_payment_status_on_settlement
Failed asserting that two strings are equal.
--- Expected
+++ Actual
@@ @@
-'2'
+'1'

C:\Users\achma\Documents\PROYEK 2\laundr_app\tests\Feature\LaundryControllerFullTest.php:335

19) Tests\Feature\LaundryControllerFullTest::midtrans_callback_cancels_on_expire
Failed asserting that two strings are equal.
--- Expected
+++ Actual
@@ @@
-'3'
+'1'

C:\Users\achma\Documents\PROYEK 2\laundr_app\tests\Feature\LaundryControllerFullTest.php:366

20) Tests\Feature\LaundryControllerFullTest::callback_ignores_cancelled_orders
Expected response status code [200] but received 404.
Failed asserting that 200 is identical to 404.

C:\Users\achma\Documents\PROYEK 2\laundr_app\vendor\laravel\framework\src\Illuminate\Testing\TestResponse.php:177
C:\Users\achma\Documents\PROYEK 2\laundr_app\tests\Feature\LaundryControllerFullTest.php:397

21) Tests\Feature\LaundryControllerFullTest::store_with_multiple_items
Expected response status code [201, 301, 302, 303, 307, 308] but received 404.
Failed asserting that false is true.

C:\Users\achma\Documents\PROYEK 2\laundr_app\vendor\laravel\framework\src\Illuminate\Testing\TestResponse.php:269
C:\Users\achma\Documents\PROYEK 2\laundr_app\tests\Feature\LaundryControllerFullTest.php:422

22) Tests\Feature\MiddlewareTest::auth_middleware_protects_addresses
Expected response status code [201, 301, 302, 303, 307, 308] but received 404.
Failed asserting that false is true.

C:\Users\achma\Documents\PROYEK 2\laundr_app\vendor\laravel\framework\src\Illuminate\Testing\TestResponse.php:269
C:\Users\achma\Documents\PROYEK 2\laundr_app\tests\Feature\MiddlewareTest.php:89

23) Tests\Feature\MiddlewareTest::authenticated_user_can_access_addresses
Expected response status code [200] but received 404.
Failed asserting that 200 is identical to 404.

C:\Users\achma\Documents\PROYEK 2\laundr_app\vendor\laravel\framework\src\Illuminate\Testing\TestResponse.php:177
C:\Users\achma\Documents\PROYEK 2\laundr_app\tests\Feature\MiddlewareTest.php:98

24) Tests\Feature\MiddlewareTest::guest_middleware_redirects_authenticated_user_from_login
Failed asserting that two strings are equal.
--- Expected
+++ Actual
@@ @@
-'http://localhost/dashboard'
+'http://localhost'

C:\Users\achma\Documents\PROYEK 2\laundr_app\vendor\laravel\framework\src\Illuminate\Testing\TestResponse.php:387
C:\Users\achma\Documents\PROYEK 2\laundr_app\vendor\laravel\framework\src\Illuminate\Testing\TestResponse.php:275
C:\Users\achma\Documents\PROYEK 2\laundr_app\tests\Feature\MiddlewareTest.php:107

25) Tests\Feature\MiddlewareTest::guest_middleware_redirects_authenticated_user_from_register
Failed asserting that two strings are equal.
--- Expected
+++ Actual
@@ @@
-'http://localhost/dashboard'
+'http://localhost'

C:\Users\achma\Documents\PROYEK 2\laundr_app\vendor\laravel\framework\src\Illuminate\Testing\TestResponse.php:387
C:\Users\achma\Documents\PROYEK 2\laundr_app\vendor\laravel\framework\src\Illuminate\Testing\TestResponse.php:275
C:\Users\achma\Documents\PROYEK 2\laundr_app\tests\Feature\MiddlewareTest.php:116

26) Tests\Feature\MiddlewareTest::admin_can_update_transaction_status
Expected response status code [201, 301, 302, 303, 307, 308] but received 404.
Failed asserting that false is true.

C:\Users\achma\Documents\PROYEK 2\laundr_app\vendor\laravel\framework\src\Illuminate\Testing\TestResponse.php:269
C:\Users\achma\Documents\PROYEK 2\laundr_app\tests\Feature\MiddlewareTest.php:141

27) Tests\Feature\MiddlewareTest::admin_can_update_payment_status
Expected response status code [201, 301, 302, 303, 307, 308] but received 404.
Failed asserting that false is true.

C:\Users\achma\Documents\PROYEK 2\laundr_app\vendor\laravel\framework\src\Illuminate\Testing\TestResponse.php:269
C:\Users\achma\Documents\PROYEK 2\laundr_app\tests\Feature\MiddlewareTest.php:170

28) Tests\Feature\VoucherControllerTest::guest_can_access_vouchers_page
Expected response status code [200] but received 500.

The following exception occurred during the request:

ErrorException: Undefined variable $slot in C:\Users\achma\Documents\PROYEK 2\laundr_app\storage\framework\views\8ff4bb8dd1d9a4184c989c41ea9759cb3cc20b99.php:42
Stack trace:
#0 C:\Users\achma\Documents\PROYEK 2\laundr_app\storage\framework\views\8ff4bb8dd1d9a4184c989c41ea9759cb3cc20b99.php(42): Illuminate\Foundation\Bootstrap\HandleExceptions->handleError(2, 'Undefined varia...', 'C:\\Users\\achma\\...', 42)
#1 C:\Users\achma\Documents\PROYEK 2\laundr_app\vendor\laravel\framework\src\Illuminate\Filesystem\Filesystem.php(107): require('C:\\Users\\achma\\...')
#2 C:\Users\achma\Documents\PROYEK 2\laundr_app\vendor\laravel\framework\src\Illuminate\Filesystem\Filesystem.php(108): Illuminate\Filesystem\Filesystem::Illuminate\Filesystem\{closure}()
#3 C:\Users\achma\Documents\PROYEK 2\laundr_app\vendor\laravel\framework\src\Illuminate\View\Engines\PhpEngine.php(58): Illuminate\Filesystem\Filesystem->getRequire('C:\\Users\\achma\\...', Array)
#4 C:\Users\achma\Documents\PROYEK 2\laundr_app\vendor\laravel\framework\src\Illuminate\View\Engines\CompilerEngine.php(61): Illuminate\View\Engines\PhpEngine->evaluatePath('C:\\Users\\achma\\...', Array)
#5 C:\Users\achma\Documents\PROYEK 2\laundr_app\vendor\facade\ignition\src\Views\Engines\CompilerEngine.php(37): Illuminate\View\Engines\CompilerEngine->get('C:\\Users\\achma\\...', Array)
#6 C:\Users\achma\Documents\PROYEK 2\laundr_app\vendor\laravel\framework\src\Illuminate\View\View.php(139): Facade\Ignition\Views\Engines\CompilerEngine->get('C:\\Users\\achma\\...', Array)
#7 C:\Users\achma\Documents\PROYEK 2\laundr_app\vendor\laravel\framework\src\Illuminate\View\View.php(122): Illuminate\View\View->getContents()
#8 C:\Users\achma\Documents\PROYEK 2\laundr_app\vendor\laravel\framework\src\Illuminate\View\View.php(91): Illuminate\View\View->renderContents()
#9 C:\Users\achma\Documents\PROYEK 2\laundr_app\storage\framework\views\ef2c6d625a0fe4a5f6fcf7d3b1bfa546829e15e4.php(110): Illuminate\View\View->render()
#10 C:\Users\achma\Documents\PROYEK 2\laundr_app\vendor\laravel\framework\src\Illuminate\Filesystem\Filesystem.php(107): require('C:\\Users\\achma\\...')
#11 C:\Users\achma\Documents\PROYEK 2\laundr_app\vendor\laravel\framework\src\Illuminate\Filesystem\Filesystem.php(108): Illuminate\Filesystem\Filesystem::Illuminate\Filesystem\{closure}()
#12 C:\Users\achma\Documents\PROYEK 2\laundr_app\vendor\laravel\framework\src\Illuminate\View\Engines\PhpEngine.php(58): Illuminate\Filesystem\Filesystem->getRequire('C:\\Users\\achma\\...', Array)
#13 C:\Users\achma\Documents\PROYEK 2\laundr_app\vendor\laravel\framework\src\Illuminate\View\Engines\CompilerEngine.php(61): Illuminate\View\Engines\PhpEngine->evaluatePath('C:\\Users\\achma\\...', Array)
#14 C:\Users\achma\Documents\PROYEK 2\laundr_app\vendor\facade\ignition\src\Views\Engines\CompilerEngine.php(37): Illuminate\View\Engines\CompilerEngine->get('C:\\Users\\achma\\...', Array)
#15 C:\Users\achma\Documents\PROYEK 2\laundr_app\vendor\laravel\framework\src\Illuminate\View\View.php(139): Facade\Ignition\Views\Engines\CompilerEngine->get('C:\\Users\\achma\\...', Array)
#16 C:\Users\achma\Documents\PROYEK 2\laundr_app\vendor\laravel\framework\src\Illuminate\View\View.php(122): Illuminate\View\View->getContents()
#17 C:\Users\achma\Documents\PROYEK 2\laundr_app\vendor\laravel\framework\src\Illuminate\View\View.php(91): Illuminate\View\View->renderContents()
#18 C:\Users\achma\Documents\PROYEK 2\laundr_app\vendor\laravel\framework\src\Illuminate\Http\Response.php(69): Illuminate\View\View->render()
#19 C:\Users\achma\Documents\PROYEK 2\laundr_app\vendor\laravel\framework\src\Illuminate\Http\Response.php(35): Illuminate\Http\Response->setContent(Object(Illuminate\View\View))
#20 C:\Users\achma\Documents\PROYEK 2\laundr_app\vendor\laravel\framework\src\Illuminate\Routing\Router.php(820): Illuminate\Http\Response->__construct(Object(Illuminate\View\View), 200, Array)
#21 C:\Users\achma\Documents\PROYEK 2\laundr_app\vendor\laravel\framework\src\Illuminate\Routing\Router.php(789): Illuminate\Routing\Router::toResponse(Object(Illuminate\Http\Request), Object(Illuminate\View\View))
#22 C:\Users\achma\Documents\PROYEK 2\laundr_app\vendor\laravel\framework\src\Illuminate\Routing\Router.php(720): Illuminate\Routing\Router->prepareResponse(Object(Illuminate\Http\Request), Object(Illuminate\View\View))
#23 C:\Users\achma\Documents\PROYEK 2\laundr_app\vendor\laravel\framework\src\Illuminate\Pipeline\Pipeline.php(128): Illuminate\Routing\Router->Illuminate\Routing\{closure}(Object(Illuminate\Http\Request))
#24 C:\Users\achma\Documents\PROYEK 2\laundr_app\vendor\laravel\framework\src\Illuminate\Routing\Middleware\SubstituteBindings.php(50): Illuminate\Pipeline\Pipeline->Illuminate\Pipeline\{closure}(Object(Illuminate\Http\Request))
#25 C:\Users\achma\Documents\PROYEK 2\laundr_app\vendor\laravel\framework\src\Illuminate\Pipeline\Pipeline.php(167): Illuminate\Routing\Middleware\SubstituteBindings->handle(Object(Illuminate\Http\Request), Object(Closure))
#26 C:\Users\achma\Documents\PROYEK 2\laundr_app\vendor\laravel\framework\src\Illuminate\Foundation\Http\Middleware\VerifyCsrfToken.php(78): Illuminate\Pipeline\Pipeline->Illuminate\Pipeline\{closure}(Object(Illuminate\Http\Request))
#27 C:\Users\achma\Documents\PROYEK 2\laundr_app\vendor\laravel\framework\src\Illuminate\Pipeline\Pipeline.php(167): Illuminate\Foundation\Http\Middleware\VerifyCsrfToken->handle(Object(Illuminate\Http\Request), Object(Closure))
#28 C:\Users\achma\Documents\PROYEK 2\laundr_app\vendor\laravel\framework\src\Illuminate\View\Middleware\ShareErrorsFromSession.php(49): Illuminate\Pipeline\Pipeline->Illuminate\Pipeline\{closure}(Object(Illuminate\Http\Request))
#29 C:\Users\achma\Documents\PROYEK 2\laundr_app\vendor\laravel\framework\src\Illuminate\Pipeline\Pipeline.php(167): Illuminate\View\Middleware\ShareErrorsFromSession->handle(Object(Illuminate\Http\Request), Object(Closure))
#30 C:\Users\achma\Documents\PROYEK 2\laundr_app\vendor\laravel\framework\src\Illuminate\Session\Middleware\StartSession.php(121): Illuminate\Pipeline\Pipeline->Illuminate\Pipeline\{closure}(Object(Illuminate\Http\Request))
#31 C:\Users\achma\Documents\PROYEK 2\laundr_app\vendor\laravel\framework\src\Illuminate\Session\Middleware\StartSession.php(64): Illuminate\Session\Middleware\StartSession->handleStatefulRequest(Object(Illuminate\Http\Request), Object(Illuminate\Session\Store), Object(Closure))
#32 C:\Users\achma\Documents\PROYEK 2\laundr_app\vendor\laravel\framework\src\Illuminate\Pipeline\Pipeline.php(167): Illuminate\Session\Middleware\StartSession->handle(Object(Illuminate\Http\Request), Object(Closure))
#33 C:\Users\achma\Documents\PROYEK 2\laundr_app\vendor\laravel\framework\src\Illuminate\Cookie\Middleware\AddQueuedCookiesToResponse.php(37): Illuminate\Pipeline\Pipeline->Illuminate\Pipeline\{closure}(Object(Illuminate\Http\Request))
#34 C:\Users\achma\Documents\PROYEK 2\laundr_app\vendor\laravel\framework\src\Illuminate\Pipeline\Pipeline.php(167): Illuminate\Cookie\Middleware\AddQueuedCookiesToResponse->handle(Object(Illuminate\Http\Request), Object(Closure))
#35 C:\Users\achma\Documents\PROYEK 2\laundr_app\vendor\laravel\framework\src\Illuminate\Cookie\Middleware\EncryptCookies.php(67): Illuminate\Pipeline\Pipeline->Illuminate\Pipeline\{closure}(Object(Illuminate\Http\Request))
#36 C:\Users\achma\Documents\PROYEK 2\laundr_app\vendor\laravel\framework\src\Illuminate\Pipeline\Pipeline.php(167): Illuminate\Cookie\Middleware\EncryptCookies->handle(Object(Illuminate\Http\Request), Object(Closure))
#37 C:\Users\achma\Documents\PROYEK 2\laundr_app\vendor\laravel\framework\src\Illuminate\Pipeline\Pipeline.php(103): Illuminate\Pipeline\Pipeline->Illuminate\Pipeline\{closure}(Object(Illuminate\Http\Request))
#38 C:\Users\achma\Documents\PROYEK 2\laundr_app\vendor\laravel\framework\src\Illuminate\Routing\Router.php(719): Illuminate\Pipeline\Pipeline->then(Object(Closure))
#39 C:\Users\achma\Documents\PROYEK 2\laundr_app\vendor\laravel\framework\src\Illuminate\Routing\Router.php(698): Illuminate\Routing\Router->runRouteWithinStack(Object(Illuminate\Routing\Route), Object(Illuminate\Http\Request))
#40 C:\Users\achma\Documents\PROYEK 2\laundr_app\vendor\laravel\framework\src\Illuminate\Routing\Router.php(662): Illuminate\Routing\Router->runRoute(Object(Illuminate\Http\Request), Object(Illuminate\Routing\Route))
#41 C:\Users\achma\Documents\PROYEK 2\laundr_app\vendor\laravel\framework\src\Illuminate\Routing\Router.php(651): Illuminate\Routing\Router->dispatchToRoute(Object(Illuminate\Http\Request))
#42 C:\Users\achma\Documents\PROYEK 2\laundr_app\vendor\laravel\framework\src\Illuminate\Foundation\Http\Kernel.php(167): Illuminate\Routing\Router->dispatch(Object(Illuminate\Http\Request))
#43 C:\Users\achma\Documents\PROYEK 2\laundr_app\vendor\laravel\framework\src\Illuminate\Pipeline\Pipeline.php(128): Illuminate\Foundation\Http\Kernel->Illuminate\Foundation\Http\{closure}(Object(Illuminate\Http\Request))
#44 C:\Users\achma\Documents\PROYEK 2\laundr_app\vendor\laravel\framework\src\Illuminate\Foundation\Http\Middleware\TransformsRequest.php(21): Illuminate\Pipeline\Pipeline->Illuminate\Pipeline\{closure}(Object(Illuminate\Http\Request))
#45 C:\Users\achma\Documents\PROYEK 2\laundr_app\vendor\laravel\framework\src\Illuminate\Foundation\Http\Middleware\ConvertEmptyStringsToNull.php(31): Illuminate\Foundation\Http\Middleware\TransformsRequest->handle(Object(Illuminate\Http\Request), Object(Closure))
#46 C:\Users\achma\Documents\PROYEK 2\laundr_app\vendor\laravel\framework\src\Illuminate\Pipeline\Pipeline.php(167): Illuminate\Foundation\Http\Middleware\ConvertEmptyStringsToNull->handle(Object(Illuminate\Http\Request), Object(Closure))
#47 C:\Users\achma\Documents\PROYEK 2\laundr_app\vendor\laravel\framework\src\Illuminate\Foundation\Http\Middleware\TransformsRequest.php(21): Illuminate\Pipeline\Pipeline->Illuminate\Pipeline\{closure}(Object(Illuminate\Http\Request))
#48 C:\Users\achma\Documents\PROYEK 2\laundr_app\vendor\laravel\framework\src\Illuminate\Foundation\Http\Middleware\TrimStrings.php(40): Illuminate\Foundation\Http\Middleware\TransformsRequest->handle(Object(Illuminate\Http\Request), Object(Closure))
#49 C:\Users\achma\Documents\PROYEK 2\laundr_app\vendor\laravel\framework\src\Illuminate\Pipeline\Pipeline.php(167): Illuminate\Foundation\Http\Middleware\TrimStrings->handle(Object(Illuminate\Http\Request), Object(Closure))
#50 C:\Users\achma\Documents\PROYEK 2\laundr_app\vendor\laravel\framework\src\Illuminate\Foundation\Http\Middleware\ValidatePostSize.php(27): Illuminate\Pipeline\Pipeline->Illuminate\Pipeline\{closure}(Object(Illuminate\Http\Request))
#51 C:\Users\achma\Documents\PROYEK 2\laundr_app\vendor\laravel\framework\src\Illuminate\Pipeline\Pipeline.php(167): Illuminate\Foundation\Http\Middleware\ValidatePostSize->handle(Object(Illuminate\Http\Request), Object(Closure))
#52 C:\Users\achma\Documents\PROYEK 2\laundr_app\vendor\laravel\framework\src\Illuminate\Foundation\Http\Middleware\PreventRequestsDuringMaintenance.php(86): Illuminate\Pipeline\Pipeline->Illuminate\Pipeline\{closure}(Object(Illuminate\Http\Request))
#53 C:\Users\achma\Documents\PROYEK 2\laundr_app\vendor\laravel\framework\src\Illuminate\Pipeline\Pipeline.php(167): Illuminate\Foundation\Http\Middleware\PreventRequestsDuringMaintenance->handle(Object(Illuminate\Http\Request), Object(Closure))
#54 C:\Users\achma\Documents\PROYEK 2\laundr_app\vendor\fruitcake\laravel-cors\src\HandleCors.php(38): Illuminate\Pipeline\Pipeline->Illuminate\Pipeline\{closure}(Object(Illuminate\Http\Request))
#55 C:\Users\achma\Documents\PROYEK 2\laundr_app\vendor\laravel\framework\src\Illuminate\Pipeline\Pipeline.php(167): Fruitcake\Cors\HandleCors->handle(Object(Illuminate\Http\Request), Object(Closure))
#56 C:\Users\achma\Documents\PROYEK 2\laundr_app\vendor\laravel\framework\src\Illuminate\Http\Middleware\TrustProxies.php(39): Illuminate\Pipeline\Pipeline->Illuminate\Pipeline\{closure}(Object(Illuminate\Http\Request))
#57 C:\Users\achma\Documents\PROYEK 2\laundr_app\vendor\laravel\framework\src\Illuminate\Pipeline\Pipeline.php(167): Illuminate\Http\Middleware\TrustProxies->handle(Object(Illuminate\Http\Request), Object(Closure))
#58 C:\Users\achma\Documents\PROYEK 2\laundr_app\vendor\laravel\framework\src\Illuminate\Pipeline\Pipeline.php(103): Illuminate\Pipeline\Pipeline->Illuminate\Pipeline\{closure}(Object(Illuminate\Http\Request))
#59 C:\Users\achma\Documents\PROYEK 2\laundr_app\vendor\laravel\framework\src\Illuminate\Foundation\Http\Kernel.php(142): Illuminate\Pipeline\Pipeline->then(Object(Closure))
#60 C:\Users\achma\Documents\PROYEK 2\laundr_app\vendor\laravel\framework\src\Illuminate\Foundation\Http\Kernel.php(111): Illuminate\Foundation\Http\Kernel->sendRequestThroughRouter(Object(Illuminate\Http\Request))
#61 C:\Users\achma\Documents\PROYEK 2\laundr_app\vendor\laravel\framework\src\Illuminate\Foundation\Testing\Concerns\MakesHttpRequests.php(509): Illuminate\Foundation\Http\Kernel->handle(Object(Illuminate\Http\Request))
#62 C:\Users\achma\Documents\PROYEK 2\laundr_app\vendor\laravel\framework\src\Illuminate\Foundation\Testing\Concerns\MakesHttpRequests.php(294): Illuminate\Foundation\Testing\TestCase->call('GET', '/vouchers', Array, Array, Array, Array)
#63 C:\Users\achma\Documents\PROYEK 2\laundr_app\tests\Feature\VoucherControllerTest.php(30): Illuminate\Foundation\Testing\TestCase->get('/vouchers')
#64 C:\Users\achma\Documents\PROYEK 2\laundr_app\vendor\phpunit\phpunit\src\Framework\TestCase.php(1617): Tests\Feature\VoucherControllerTest->guest_can_access_vouchers_page()
#65 C:\Users\achma\Documents\PROYEK 2\laundr_app\vendor\phpunit\phpunit\src\Framework\TestCase.php(1223): PHPUnit\Framework\TestCase->runTest()
#66 C:\Users\achma\Documents\PROYEK 2\laundr_app\vendor\phpunit\phpunit\src\Framework\TestResult.php(729): PHPUnit\Framework\TestCase->runBare()
#67 C:\Users\achma\Documents\PROYEK 2\laundr_app\vendor\phpunit\phpunit\src\Framework\TestCase.php(973): PHPUnit\Framework\TestResult->run(Object(Tests\Feature\VoucherControllerTest))
#68 C:\Users\achma\Documents\PROYEK 2\laundr_app\vendor\phpunit\phpunit\src\Framework\TestSuite.php(685): PHPUnit\Framework\TestCase->run(Object(PHPUnit\Framework\TestResult))
#69 C:\Users\achma\Documents\PROYEK 2\laundr_app\vendor\phpunit\phpunit\src\Framework\TestSuite.php(685): PHPUnit\Framework\TestSuite->run(Object(PHPUnit\Framework\TestResult))
#70 C:\Users\achma\Documents\PROYEK 2\laundr_app\vendor\phpunit\phpunit\src\Framework\TestSuite.php(685): PHPUnit\Framework\TestSuite->run(Object(PHPUnit\Framework\TestResult))
#71 C:\Users\achma\Documents\PROYEK 2\laundr_app\vendor\phpunit\phpunit\src\TextUI\TestRunner.php(651): PHPUnit\Framework\TestSuite->run(Object(PHPUnit\Framework\TestResult))
#72 C:\Users\achma\Documents\PROYEK 2\laundr_app\vendor\phpunit\phpunit\src\TextUI\Command.php(146): PHPUnit\TextUI\TestRunner->run(Object(PHPUnit\Framework\TestSuite), Array, Array, true)
#73 C:\Users\achma\Documents\PROYEK 2\laundr_app\vendor\phpunit\phpunit\src\TextUI\Command.php(99): PHPUnit\TextUI\Command->run(Array, true)
#74 C:\Users\achma\Documents\PROYEK 2\laundr_app\vendor\phpunit\phpunit\phpunit(107): PHPUnit\TextUI\Command::main()
#75 C:\Users\achma\Documents\PROYEK 2\laundr_app\vendor\bin\phpunit(122): include('C:\\Users\\achma\\...')
#76 {main}

Next Facade\Ignition\Exceptions\ViewException: Undefined variable $slot (View: C:\Users\achma\Documents\PROYEK 2\laundr_app\resources\views\layouts\app.blade.php) in C:\Users\achma\Documents\PROYEK 2\laundr_app\resources\views/layouts/app.blade.php:41
Stack trace:
#0 C:\Users\achma\Documents\PROYEK 2\laundr_app\resources\views/layouts/app.blade.php(41): Illuminate\Foundation\Bootstrap\HandleExceptions->handleError(2, 'Undefined varia...', 'C:\\Users\\achma\\...', 42)
#1 C:\Users\achma\Documents\PROYEK 2\laundr_app\vendor\laravel\framework\src\Illuminate\Filesystem\Filesystem.php(107): require('C:\\Users\\achma\\...')
#2 C:\Users\achma\Documents\PROYEK 2\laundr_app\vendor\laravel\framework\src\Illuminate\Filesystem\Filesystem.php(108): Illuminate\Filesystem\Filesystem::Illuminate\Filesystem\{closure}()
#3 C:\Users\achma\Documents\PROYEK 2\laundr_app\vendor\laravel\framework\src\Illuminate\View\Engines\PhpEngine.php(58): Illuminate\Filesystem\Filesystem->getRequire('C:\\Users\\achma\\...', Array)
#4 C:\Users\achma\Documents\PROYEK 2\laundr_app\vendor\laravel\framework\src\Illuminate\View\Engines\CompilerEngine.php(61): Illuminate\View\Engines\PhpEngine->evaluatePath('C:\\Users\\achma\\...', Array)
#5 C:\Users\achma\Documents\PROYEK 2\laundr_app\vendor\facade\ignition\src\Views\Engines\CompilerEngine.php(37): Illuminate\View\Engines\CompilerEngine->get('C:\\Users\\achma\\...', Array)
#6 C:\Users\achma\Documents\PROYEK 2\laundr_app\vendor\laravel\framework\src\Illuminate\View\View.php(139): Facade\Ignition\Views\Engines\CompilerEngine->get('C:\\Users\\achma\\...', Array)
#7 C:\Users\achma\Documents\PROYEK 2\laundr_app\vendor\laravel\framework\src\Illuminate\View\View.php(122): Illuminate\View\View->getContents()
#8 C:\Users\achma\Documents\PROYEK 2\laundr_app\vendor\laravel\framework\src\Illuminate\View\View.php(91): Illuminate\View\View->renderContents()
#9 C:\Users\achma\Documents\PROYEK 2\laundr_app\resources\views/vouchers/index.blade.php(110): Illuminate\View\View->render()
#10 C:\Users\achma\Documents\PROYEK 2\laundr_app\vendor\laravel\framework\src\Illuminate\Filesystem\Filesystem.php(107): require('C:\\Users\\achma\\...')
#11 C:\Users\achma\Documents\PROYEK 2\laundr_app\vendor\laravel\framework\src\Illuminate\Filesystem\Filesystem.php(108): Illuminate\Filesystem\Filesystem::Illuminate\Filesystem\{closure}()
#12 C:\Users\achma\Documents\PROYEK 2\laundr_app\vendor\laravel\framework\src\Illuminate\View\Engines\PhpEngine.php(58): Illuminate\Filesystem\Filesystem->getRequire('C:\\Users\\achma\\...', Array)
#13 C:\Users\achma\Documents\PROYEK 2\laundr_app\vendor\laravel\framework\src\Illuminate\View\Engines\CompilerEngine.php(61): Illuminate\View\Engines\PhpEngine->evaluatePath('C:\\Users\\achma\\...', Array)
#14 C:\Users\achma\Documents\PROYEK 2\laundr_app\vendor\facade\ignition\src\Views\Engines\CompilerEngine.php(37): Illuminate\View\Engines\CompilerEngine->get('C:\\Users\\achma\\...', Array)
#15 C:\Users\achma\Documents\PROYEK 2\laundr_app\vendor\laravel\framework\src\Illuminate\View\View.php(139): Facade\Ignition\Views\Engines\CompilerEngine->get('C:\\Users\\achma\\...', Array)
#16 C:\Users\achma\Documents\PROYEK 2\laundr_app\vendor\laravel\framework\src\Illuminate\View\View.php(122): Illuminate\View\View->getContents()
#17 C:\Users\achma\Documents\PROYEK 2\laundr_app\vendor\laravel\framework\src\Illuminate\View\View.php(91): Illuminate\View\View->renderContents()
#18 C:\Users\achma\Documents\PROYEK 2\laundr_app\vendor\laravel\framework\src\Illuminate\Http\Response.php(69): Illuminate\View\View->render()
#19 C:\Users\achma\Documents\PROYEK 2\laundr_app\vendor\laravel\framework\src\Illuminate\Http\Response.php(35): Illuminate\Http\Response->setContent(Object(Illuminate\View\View))
#20 C:\Users\achma\Documents\PROYEK 2\laundr_app\vendor\laravel\framework\src\Illuminate\Routing\Router.php(820): Illuminate\Http\Response->__construct(Object(Illuminate\View\View), 200, Array)
#21 C:\Users\achma\Documents\PROYEK 2\laundr_app\vendor\laravel\framework\src\Illuminate\Routing\Router.php(789): Illuminate\Routing\Router::toResponse(Object(Illuminate\Http\Request), Object(Illuminate\View\View))
#22 C:\Users\achma\Documents\PROYEK 2\laundr_app\vendor\laravel\framework\src\Illuminate\Routing\Router.php(720): Illuminate\Routing\Router->prepareResponse(Object(Illuminate\Http\Request), Object(Illuminate\View\View))
#23 C:\Users\achma\Documents\PROYEK 2\laundr_app\vendor\laravel\framework\src\Illuminate\Pipeline\Pipeline.php(128): Illuminate\Routing\Router->Illuminate\Routing\{closure}(Object(Illuminate\Http\Request))
#24 C:\Users\achma\Documents\PROYEK 2\laundr_app\vendor\laravel\framework\src\Illuminate\Routing\Middleware\SubstituteBindings.php(50): Illuminate\Pipeline\Pipeline->Illuminate\Pipeline\{closure}(Object(Illuminate\Http\Request))
#25 C:\Users\achma\Documents\PROYEK 2\laundr_app\vendor\laravel\framework\src\Illuminate\Pipeline\Pipeline.php(167): Illuminate\Routing\Middleware\SubstituteBindings->handle(Object(Illuminate\Http\Request), Object(Closure))
#26 C:\Users\achma\Documents\PROYEK 2\laundr_app\vendor\laravel\framework\src\Illuminate\Foundation\Http\Middleware\VerifyCsrfToken.php(78): Illuminate\Pipeline\Pipeline->Illuminate\Pipeline\{closure}(Object(Illuminate\Http\Request))
#27 C:\Users\achma\Documents\PROYEK 2\laundr_app\vendor\laravel\framework\src\Illuminate\Pipeline\Pipeline.php(167): Illuminate\Foundation\Http\Middleware\VerifyCsrfToken->handle(Object(Illuminate\Http\Request), Object(Closure))
#28 C:\Users\achma\Documents\PROYEK 2\laundr_app\vendor\laravel\framework\src\Illuminate\View\Middleware\ShareErrorsFromSession.php(49): Illuminate\Pipeline\Pipeline->Illuminate\Pipeline\{closure}(Object(Illuminate\Http\Request))
#29 C:\Users\achma\Documents\PROYEK 2\laundr_app\vendor\laravel\framework\src\Illuminate\Pipeline\Pipeline.php(167): Illuminate\View\Middleware\ShareErrorsFromSession->handle(Object(Illuminate\Http\Request), Object(Closure))
#30 C:\Users\achma\Documents\PROYEK 2\laundr_app\vendor\laravel\framework\src\Illuminate\Session\Middleware\StartSession.php(121): Illuminate\Pipeline\Pipeline->Illuminate\Pipeline\{closure}(Object(Illuminate\Http\Request))
#31 C:\Users\achma\Documents\PROYEK 2\laundr_app\vendor\laravel\framework\src\Illuminate\Session\Middleware\StartSession.php(64): Illuminate\Session\Middleware\StartSession->handleStatefulRequest(Object(Illuminate\Http\Request), Object(Illuminate\Session\Store), Object(Closure))
#32 C:\Users\achma\Documents\PROYEK 2\laundr_app\vendor\laravel\framework\src\Illuminate\Pipeline\Pipeline.php(167): Illuminate\Session\Middleware\StartSession->handle(Object(Illuminate\Http\Request), Object(Closure))
#33 C:\Users\achma\Documents\PROYEK 2\laundr_app\vendor\laravel\framework\src\Illuminate\Cookie\Middleware\AddQueuedCookiesToResponse.php(37): Illuminate\Pipeline\Pipeline->Illuminate\Pipeline\{closure}(Object(Illuminate\Http\Request))
#34 C:\Users\achma\Documents\PROYEK 2\laundr_app\vendor\laravel\framework\src\Illuminate\Pipeline\Pipeline.php(167): Illuminate\Cookie\Middleware\AddQueuedCookiesToResponse->handle(Object(Illuminate\Http\Request), Object(Closure))
#35 C:\Users\achma\Documents\PROYEK 2\laundr_app\vendor\laravel\framework\src\Illuminate\Cookie\Middleware\EncryptCookies.php(67): Illuminate\Pipeline\Pipeline->Illuminate\Pipeline\{closure}(Object(Illuminate\Http\Request))
#36 C:\Users\achma\Documents\PROYEK 2\laundr_app\vendor\laravel\framework\src\Illuminate\Pipeline\Pipeline.php(167): Illuminate\Cookie\Middleware\EncryptCookies->handle(Object(Illuminate\Http\Request), Object(Closure))
#37 C:\Users\achma\Documents\PROYEK 2\laundr_app\vendor\laravel\framework\src\Illuminate\Pipeline\Pipeline.php(103): Illuminate\Pipeline\Pipeline->Illuminate\Pipeline\{closure}(Object(Illuminate\Http\Request))
#38 C:\Users\achma\Documents\PROYEK 2\laundr_app\vendor\laravel\framework\src\Illuminate\Routing\Router.php(719): Illuminate\Pipeline\Pipeline->then(Object(Closure))
#39 C:\Users\achma\Documents\PROYEK 2\laundr_app\vendor\laravel\framework\src\Illuminate\Routing\Router.php(698): Illuminate\Routing\Router->runRouteWithinStack(Object(Illuminate\Routing\Route), Object(Illuminate\Http\Request))
#40 C:\Users\achma\Documents\PROYEK 2\laundr_app\vendor\laravel\framework\src\Illuminate\Routing\Router.php(662): Illuminate\Routing\Router->runRoute(Object(Illuminate\Http\Request), Object(Illuminate\Routing\Route))
#41 C:\Users\achma\Documents\PROYEK 2\laundr_app\vendor\laravel\framework\src\Illuminate\Routing\Router.php(651): Illuminate\Routing\Router->dispatchToRoute(Object(Illuminate\Http\Request))
#42 C:\Users\achma\Documents\PROYEK 2\laundr_app\vendor\laravel\framework\src\Illuminate\Foundation\Http\Kernel.php(167): Illuminate\Routing\Router->dispatch(Object(Illuminate\Http\Request))
#43 C:\Users\achma\Documents\PROYEK 2\laundr_app\vendor\laravel\framework\src\Illuminate\Pipeline\Pipeline.php(128): Illuminate\Foundation\Http\Kernel->Illuminate\Foundation\Http\{closure}(Object(Illuminate\Http\Request))
#44 C:\Users\achma\Documents\PROYEK 2\laundr_app\vendor\laravel\framework\src\Illuminate\Foundation\Http\Middleware\TransformsRequest.php(21): Illuminate\Pipeline\Pipeline->Illuminate\Pipeline\{closure}(Object(Illuminate\Http\Request))
#45 C:\Users\achma\Documents\PROYEK 2\laundr_app\vendor\laravel\framework\src\Illuminate\Foundation\Http\Middleware\ConvertEmptyStringsToNull.php(31): Illuminate\Foundation\Http\Middleware\TransformsRequest->handle(Object(Illuminate\Http\Request), Object(Closure))
#46 C:\Users\achma\Documents\PROYEK 2\laundr_app\vendor\laravel\framework\src\Illuminate\Pipeline\Pipeline.php(167): Illuminate\Foundation\Http\Middleware\ConvertEmptyStringsToNull->handle(Object(Illuminate\Http\Request), Object(Closure))
#47 C:\Users\achma\Documents\PROYEK 2\laundr_app\vendor\laravel\framework\src\Illuminate\Foundation\Http\Middleware\TransformsRequest.php(21): Illuminate\Pipeline\Pipeline->Illuminate\Pipeline\{closure}(Object(Illuminate\Http\Request))
#48 C:\Users\achma\Documents\PROYEK 2\laundr_app\vendor\laravel\framework\src\Illuminate\Foundation\Http\Middleware\TrimStrings.php(40): Illuminate\Foundation\Http\Middleware\TransformsRequest->handle(Object(Illuminate\Http\Request), Object(Closure))
#49 C:\Users\achma\Documents\PROYEK 2\laundr_app\vendor\laravel\framework\src\Illuminate\Pipeline\Pipeline.php(167): Illuminate\Foundation\Http\Middleware\TrimStrings->handle(Object(Illuminate\Http\Request), Object(Closure))
#50 C:\Users\achma\Documents\PROYEK 2\laundr_app\vendor\laravel\framework\src\Illuminate\Foundation\Http\Middleware\ValidatePostSize.php(27): Illuminate\Pipeline\Pipeline->Illuminate\Pipeline\{closure}(Object(Illuminate\Http\Request))
#51 C:\Users\achma\Documents\PROYEK 2\laundr_app\vendor\laravel\framework\src\Illuminate\Pipeline\Pipeline.php(167): Illuminate\Foundation\Http\Middleware\ValidatePostSize->handle(Object(Illuminate\Http\Request), Object(Closure))
#52 C:\Users\achma\Documents\PROYEK 2\laundr_app\vendor\laravel\framework\src\Illuminate\Foundation\Http\Middleware\PreventRequestsDuringMaintenance.php(86): Illuminate\Pipeline\Pipeline->Illuminate\Pipeline\{closure}(Object(Illuminate\Http\Request))
#53 C:\Users\achma\Documents\PROYEK 2\laundr_app\vendor\laravel\framework\src\Illuminate\Pipeline\Pipeline.php(167): Illuminate\Foundation\Http\Middleware\PreventRequestsDuringMaintenance->handle(Object(Illuminate\Http\Request), Object(Closure))
#54 C:\Users\achma\Documents\PROYEK 2\laundr_app\vendor\fruitcake\laravel-cors\src\HandleCors.php(38): Illuminate\Pipeline\Pipeline->Illuminate\Pipeline\{closure}(Object(Illuminate\Http\Request))
#55 C:\Users\achma\Documents\PROYEK 2\laundr_app\vendor\laravel\framework\src\Illuminate\Pipeline\Pipeline.php(167): Fruitcake\Cors\HandleCors->handle(Object(Illuminate\Http\Request), Object(Closure))
#56 C:\Users\achma\Documents\PROYEK 2\laundr_app\vendor\laravel\framework\src\Illuminate\Http\Middleware\TrustProxies.php(39): Illuminate\Pipeline\Pipeline->Illuminate\Pipeline\{closure}(Object(Illuminate\Http\Request))
#57 C:\Users\achma\Documents\PROYEK 2\laundr_app\vendor\laravel\framework\src\Illuminate\Pipeline\Pipeline.php(167): Illuminate\Http\Middleware\TrustProxies->handle(Object(Illuminate\Http\Request), Object(Closure))
#58 C:\Users\achma\Documents\PROYEK 2\laundr_app\vendor\laravel\framework\src\Illuminate\Pipeline\Pipeline.php(103): Illuminate\Pipeline\Pipeline->Illuminate\Pipeline\{closure}(Object(Illuminate\Http\Request))
#59 C:\Users\achma\Documents\PROYEK 2\laundr_app\vendor\laravel\framework\src\Illuminate\Foundation\Http\Kernel.php(142): Illuminate\Pipeline\Pipeline->then(Object(Closure))
#60 C:\Users\achma\Documents\PROYEK 2\laundr_app\vendor\laravel\framework\src\Illuminate\Foundation\Http\Kernel.php(111): Illuminate\Foundation\Http\Kernel->sendRequestThroughRouter(Object(Illuminate\Http\Request))
#61 C:\Users\achma\Documents\PROYEK 2\laundr_app\vendor\laravel\framework\src\Illuminate\Foundation\Testing\Concerns\MakesHttpRequests.php(509): Illuminate\Foundation\Http\Kernel->handle(Object(Illuminate\Http\Request))
#62 C:\Users\achma\Documents\PROYEK 2\laundr_app\vendor\laravel\framework\src\Illuminate\Foundation\Testing\Concerns\MakesHttpRequests.php(294): Illuminate\Foundation\Testing\TestCase->call('GET', '/vouchers', Array, Array, Array, Array)
#63 C:\Users\achma\Documents\PROYEK 2\laundr_app\tests\Feature\VoucherControllerTest.php(30): Illuminate\Foundation\Testing\TestCase->get('/vouchers')
#64 C:\Users\achma\Documents\PROYEK 2\laundr_app\vendor\phpunit\phpunit\src\Framework\TestCase.php(1617): Tests\Feature\VoucherControllerTest->guest_can_access_vouchers_page()
#65 C:\Users\achma\Documents\PROYEK 2\laundr_app\vendor\phpunit\phpunit\src\Framework\TestCase.php(1223): PHPUnit\Framework\TestCase->runTest()
#66 C:\Users\achma\Documents\PROYEK 2\laundr_app\vendor\phpunit\phpunit\src\Framework\TestResult.php(729): PHPUnit\Framework\TestCase->runBare()
#67 C:\Users\achma\Documents\PROYEK 2\laundr_app\vendor\phpunit\phpunit\src\Framework\TestCase.php(973): PHPUnit\Framework\TestResult->run(Object(Tests\Feature\VoucherControllerTest))
#68 C:\Users\achma\Documents\PROYEK 2\laundr_app\vendor\phpunit\phpunit\src\Framework\TestSuite.php(685): PHPUnit\Framework\TestCase->run(Object(PHPUnit\Framework\TestResult))
#69 C:\Users\achma\Documents\PROYEK 2\laundr_app\vendor\phpunit\phpunit\src\Framework\TestSuite.php(685): PHPUnit\Framework\TestSuite->run(Object(PHPUnit\Framework\TestResult))
#70 C:\Users\achma\Documents\PROYEK 2\laundr_app\vendor\phpunit\phpunit\src\Framework\TestSuite.php(685): PHPUnit\Framework\TestSuite->run(Object(PHPUnit\Framework\TestResult))
#71 C:\Users\achma\Documents\PROYEK 2\laundr_app\vendor\phpunit\phpunit\src\TextUI\TestRunner.php(651): PHPUnit\Framework\TestSuite->run(Object(PHPUnit\Framework\TestResult))
#72 C:\Users\achma\Documents\PROYEK 2\laundr_app\vendor\phpunit\phpunit\src\TextUI\Command.php(146): PHPUnit\TextUI\TestRunner->run(Object(PHPUnit\Framework\TestSuite), Array, Array, true)
#73 C:\Users\achma\Documents\PROYEK 2\laundr_app\vendor\phpunit\phpunit\src\TextUI\Command.php(99): PHPUnit\TextUI\Command->run(Array, true)
#74 C:\Users\achma\Documents\PROYEK 2\laundr_app\vendor\phpunit\phpunit\phpunit(107): PHPUnit\TextUI\Command::main()
#75 C:\Users\achma\Documents\PROYEK 2\laundr_app\vendor\bin\phpunit(122): include('C:\\Users\\achma\\...')
#76 {main}
Failed asserting that 200 is identical to 500.

C:\Users\achma\Documents\PROYEK 2\laundr_app\vendor\laravel\framework\src\Illuminate\Testing\TestResponse.php:177
C:\Users\achma\Documents\PROYEK 2\laundr_app\tests\Feature\VoucherControllerTest.php:31

FAILURES!
Tests: 157, Assertions: 240, Failures: 28.


[1;37;40mCode Coverage Report:      [0m
[1;37;40m  2026-01-27 17:56:41      [0m
[1;37;40m                           [0m
[1;37;40m Summary:                  [0m
[30;43m  Classes: 66.67% (24/36)  [0m
[30;43m  Methods: 81.25% (65/80)  [0m
[30;43m  Lines:   73.20% (407/556)[0m

App\Console\Kernel
  [37;41mMethods:  50.00% ( 1/ 2)[0m   [30;43mLines:  66.67% (  2/  3)[0m
App\Exceptions\Handler
  [30;42mMethods: 100.00% ( 1/ 1)[0m   [30;42mLines: 100.00% (  2/  2)[0m
App\Http\Controllers\AddressController
  [30;42mMethods: 100.00% ( 6/ 6)[0m   [30;42mLines: 100.00% ( 46/ 46)[0m
App\Http\Controllers\AdminController
  [30;43mMethods:  87.50% ( 7/ 8)[0m   [30;42mLines:  98.06% (101/103)[0m
App\Http\Controllers\Auth\AuthenticatedSessionController
  [30;43mMethods:  66.67% ( 2/ 3)[0m   [30;42mLines:  90.00% (  9/ 10)[0m
App\Http\Controllers\Auth\ConfirmablePasswordController
  [30;42mMethods: 100.00% ( 2/ 2)[0m   [30;42mLines: 100.00% ( 10/ 10)[0m
App\Http\Controllers\Auth\EmailVerificationNotificationController
  [37;41mMethods:   0.00% ( 0/ 1)[0m   [30;43mLines:  75.00% (  3/  4)[0m
App\Http\Controllers\Auth\EmailVerificationPromptController
  [37;41mMethods:   0.00% ( 0/ 1)[0m   [30;43mLines:  66.67% (  2/  3)[0m
App\Http\Controllers\Auth\NewPasswordController
  [30;42mMethods: 100.00% ( 2/ 2)[0m   [30;42mLines: 100.00% ( 20/ 20)[0m
App\Http\Controllers\Auth\PasswordResetLinkController
  [30;42mMethods: 100.00% ( 2/ 2)[0m   [30;42mLines: 100.00% ( 11/ 11)[0m
App\Http\Controllers\Auth\RegisteredUserController
  [30;42mMethods: 100.00% ( 2/ 2)[0m   [30;42mLines: 100.00% ( 13/ 13)[0m
App\Http\Controllers\Auth\VerifyEmailController
  [37;41mMethods:   0.00% ( 0/ 1)[0m   [30;43mLines:  80.00% (  4/  5)[0m
App\Http\Controllers\Controller
  [30;42mMethods:  ( 0/ 0)[0m   [30;42mLines:  (  0/  0)[0m
App\Http\Controllers\LaundryController
  [37;41mMethods:  42.86% ( 3/ 7)[0m   [37;41mLines:  21.38% ( 34/159)[0m
App\Http\Controllers\NotificationController
  [30;42mMethods: 100.00% ( 3/ 3)[0m   [30;42mLines: 100.00% (  6/  6)[0m
App\Http\Controllers\ReviewController
  [30;42mMethods: 100.00% ( 2/ 2)[0m   [30;42mLines: 100.00% ( 30/ 30)[0m
App\Http\Controllers\VoucherController
  [30;42mMethods: 100.00% ( 2/ 2)[0m   [30;42mLines: 100.00% ( 31/ 31)[0m
App\Http\Kernel
  [30;42mMethods:  ( 0/ 0)[0m   [30;42mLines:  (  0/  0)[0m
App\Http\Middleware\AdminMiddleware
  [30;42mMethods: 100.00% ( 1/ 1)[0m   [30;42mLines: 100.00% (  3/  3)[0m
App\Http\Middleware\Authenticate
  [30;42mMethods: 100.00% ( 1/ 1)[0m   [30;42mLines: 100.00% (  2/  2)[0m
App\Http\Middleware\EncryptCookies
  [30;42mMethods:  ( 0/ 0)[0m   [30;42mLines:  (  0/  0)[0m
App\Http\Middleware\IsAdmin
  [37;41mMethods:   0.00% ( 0/ 1)[0m   [37;41mLines:   0.00% (  0/  3)[0m
App\Http\Middleware\PreventRequestsDuringMaintenance
  [30;42mMethods:  ( 0/ 0)[0m   [30;42mLines:  (  0/  0)[0m
App\Http\Middleware\RedirectIfAuthenticated
  [30;42mMethods: 100.00% ( 1/ 1)[0m   [30;42mLines: 100.00% (  5/  5)[0m
App\Http\Middleware\TrimStrings
  [30;42mMethods:  ( 0/ 0)[0m   [30;42mLines:  (  0/  0)[0m
App\Http\Middleware\TrustHosts
  [37;41mMethods:   0.00% ( 0/ 1)[0m   [37;41mLines:   0.00% (  0/  3)[0m
App\Http\Middleware\TrustProxies
  [30;42mMethods:  ( 0/ 0)[0m   [30;42mLines:  (  0/  0)[0m
App\Http\Middleware\VerifyCsrfToken
  [30;42mMethods:  ( 0/ 0)[0m   [30;42mLines:  (  0/  0)[0m
App\Http\Requests\Auth\LoginRequest
  [30;43mMethods:  80.00% ( 4/ 5)[0m   [30;43mLines:  65.22% ( 15/ 23)[0m
App\Models\Review
  [30;42mMethods: 100.00% ( 2/ 2)[0m   [30;42mLines: 100.00% (  2/  2)[0m
App\Models\Service
  [30;42mMethods: 100.00% ( 1/ 1)[0m   [30;42mLines: 100.00% (  1/  1)[0m
App\Models\Transaction
  [30;42mMethods: 100.00% ( 3/ 3)[0m   [30;42mLines: 100.00% (  3/  3)[0m
App\Models\User
  [30;42mMethods: 100.00% ( 4/ 4)[0m   [30;42mLines: 100.00% (  4/  4)[0m
App\Models\UserAddress
  [30;42mMethods: 100.00% ( 1/ 1)[0m   [30;42mLines: 100.00% (  1/  1)[0m
App\Models\Voucher
  [30;42mMethods: 100.00% ( 2/ 2)[0m   [30;42mLines: 100.00% ( 18/ 18)[0m
App\Notifications\StatusNotification
  [30;42mMethods: 100.00% ( 3/ 3)[0m   [30;42mLines: 100.00% ( 11/ 11)[0m
App\Providers\AppServiceProvider
  [30;42mMethods: 100.00% ( 2/ 2)[0m   [30;42mLines: 100.00% (  2/  2)[0m
App\Providers\AuthServiceProvider
  [30;42mMethods: 100.00% ( 1/ 1)[0m   [30;42mLines: 100.00% (  1/  1)[0m
App\Providers\BroadcastServiceProvider
  [37;41mMethods:   0.00% ( 0/ 1)[0m   [37;41mLines:   0.00% (  0/  2)[0m
App\Providers\EventServiceProvider
  [30;42mMethods: 100.00% ( 1/ 1)[0m   [30;42mLines: 100.00% (  1/  1)[0m
App\Providers\RouteServiceProvider
  [37;41mMethods:  50.00% ( 1/ 2)[0m   [30;42mLines:  92.31% ( 12/ 13)[0m
App\View\Components\AppLayout
  [30;42mMethods: 100.00% ( 1/ 1)[0m   [30;42mLines: 100.00% (  1/  1)[0m
App\View\Components\GuestLayout
  [30;42mMethods: 100.00% ( 1/ 1)[0m   [30;42mLines: 100.00% (  1/  1)[0m
