PHPUnit 9.6.31 by Sebastian Bergmann and contributors.

..EE.............................................F..F..........  63 / 107 ( 58%)
.......F.............................FFFFFFF                    107 / 107 (100%)

Time: 00:24.108, Memory: 52.00 MB

There were 2 errors:

1) Tests\Unit\ModelRelationshipTest::user_can_have_many_addresses
Illuminate\Database\QueryException: SQLSTATE[HY000]: General error: 1364 Field 'recipient' doesn't have a default value (SQL: insert into `user_addresses` (`user_id`, `label`, `address`, `phone`, `is_default`, `updated_at`, `created_at`) values (2, Rumah, Jl. Test No. 1, 081234567890, 1, 2026-01-27 16:34:34, 2026-01-27 16:34:34))

C:\Users\achma\Documents\PROYEK 2\laundr_app\vendor\laravel\framework\src\Illuminate\Database\Connection.php:712
C:\Users\achma\Documents\PROYEK 2\laundr_app\vendor\laravel\framework\src\Illuminate\Database\Connection.php:672
C:\Users\achma\Documents\PROYEK 2\laundr_app\vendor\laravel\framework\src\Illuminate\Database\Connection.php:490
C:\Users\achma\Documents\PROYEK 2\laundr_app\vendor\laravel\framework\src\Illuminate\Database\Connection.php:454
C:\Users\achma\Documents\PROYEK 2\laundr_app\vendor\laravel\framework\src\Illuminate\Database\Query\Processors\Processor.php:32
C:\Users\achma\Documents\PROYEK 2\laundr_app\vendor\laravel\framework\src\Illuminate\Database\Query\Builder.php:3028
C:\Users\achma\Documents\PROYEK 2\laundr_app\vendor\laravel\framework\src\Illuminate\Database\Eloquent\Builder.php:1657
C:\Users\achma\Documents\PROYEK 2\laundr_app\vendor\laravel\framework\src\Illuminate\Database\Eloquent\Model.php:1188
C:\Users\achma\Documents\PROYEK 2\laundr_app\vendor\laravel\framework\src\Illuminate\Database\Eloquent\Model.php:1153
C:\Users\achma\Documents\PROYEK 2\laundr_app\vendor\laravel\framework\src\Illuminate\Database\Eloquent\Model.php:994
C:\Users\achma\Documents\PROYEK 2\laundr_app\vendor\laravel\framework\src\Illuminate\Database\Eloquent\Builder.php:896
C:\Users\achma\Documents\PROYEK 2\laundr_app\vendor\laravel\framework\src\Illuminate\Support\helpers.php:263
C:\Users\achma\Documents\PROYEK 2\laundr_app\vendor\laravel\framework\src\Illuminate\Database\Eloquent\Builder.php:895
C:\Users\achma\Documents\PROYEK 2\laundr_app\vendor\laravel\framework\src\Illuminate\Support\Traits\ForwardsCalls.php:23
C:\Users\achma\Documents\PROYEK 2\laundr_app\vendor\laravel\framework\src\Illuminate\Database\Eloquent\Model.php:2132
C:\Users\achma\Documents\PROYEK 2\laundr_app\vendor\laravel\framework\src\Illuminate\Database\Eloquent\Model.php:2144
C:\Users\achma\Documents\PROYEK 2\laundr_app\tests\Unit\ModelRelationshipTest.php:65

Caused by
PDOException: SQLSTATE[HY000]: General error: 1364 Field 'recipient' doesn't have a default value

C:\Users\achma\Documents\PROYEK 2\laundr_app\vendor\laravel\framework\src\Illuminate\Database\Connection.php:501
C:\Users\achma\Documents\PROYEK 2\laundr_app\vendor\laravel\framework\src\Illuminate\Database\Connection.php:705
C:\Users\achma\Documents\PROYEK 2\laundr_app\vendor\laravel\framework\src\Illuminate\Database\Connection.php:672
C:\Users\achma\Documents\PROYEK 2\laundr_app\vendor\laravel\framework\src\Illuminate\Database\Connection.php:490
C:\Users\achma\Documents\PROYEK 2\laundr_app\vendor\laravel\framework\src\Illuminate\Database\Connection.php:454
C:\Users\achma\Documents\PROYEK 2\laundr_app\vendor\laravel\framework\src\Illuminate\Database\Query\Processors\Processor.php:32
C:\Users\achma\Documents\PROYEK 2\laundr_app\vendor\laravel\framework\src\Illuminate\Database\Query\Builder.php:3028
C:\Users\achma\Documents\PROYEK 2\laundr_app\vendor\laravel\framework\src\Illuminate\Database\Eloquent\Builder.php:1657
C:\Users\achma\Documents\PROYEK 2\laundr_app\vendor\laravel\framework\src\Illuminate\Database\Eloquent\Model.php:1188
C:\Users\achma\Documents\PROYEK 2\laundr_app\vendor\laravel\framework\src\Illuminate\Database\Eloquent\Model.php:1153
C:\Users\achma\Documents\PROYEK 2\laundr_app\vendor\laravel\framework\src\Illuminate\Database\Eloquent\Model.php:994
C:\Users\achma\Documents\PROYEK 2\laundr_app\vendor\laravel\framework\src\Illuminate\Database\Eloquent\Builder.php:896
C:\Users\achma\Documents\PROYEK 2\laundr_app\vendor\laravel\framework\src\Illuminate\Support\helpers.php:263
C:\Users\achma\Documents\PROYEK 2\laundr_app\vendor\laravel\framework\src\Illuminate\Database\Eloquent\Builder.php:895
C:\Users\achma\Documents\PROYEK 2\laundr_app\vendor\laravel\framework\src\Illuminate\Support\Traits\ForwardsCalls.php:23
C:\Users\achma\Documents\PROYEK 2\laundr_app\vendor\laravel\framework\src\Illuminate\Database\Eloquent\Model.php:2132
C:\Users\achma\Documents\PROYEK 2\laundr_app\vendor\laravel\framework\src\Illuminate\Database\Eloquent\Model.php:2144
C:\Users\achma\Documents\PROYEK 2\laundr_app\tests\Unit\ModelRelationshipTest.php:65

2) Tests\Unit\ModelRelationshipTest::user_has_default_address
Illuminate\Database\QueryException: SQLSTATE[HY000]: General error: 1364 Field 'recipient' doesn't have a default value (SQL: insert into `user_addresses` (`user_id`, `label`, `address`, `phone`, `is_default`, `updated_at`, `created_at`) values (3, Rumah, Jl. Default, 081234567890, 1, 2026-01-27 16:34:34, 2026-01-27 16:34:34))

C:\Users\achma\Documents\PROYEK 2\laundr_app\vendor\laravel\framework\src\Illuminate\Database\Connection.php:712
C:\Users\achma\Documents\PROYEK 2\laundr_app\vendor\laravel\framework\src\Illuminate\Database\Connection.php:672
C:\Users\achma\Documents\PROYEK 2\laundr_app\vendor\laravel\framework\src\Illuminate\Database\Connection.php:490
C:\Users\achma\Documents\PROYEK 2\laundr_app\vendor\laravel\framework\src\Illuminate\Database\Connection.php:454
C:\Users\achma\Documents\PROYEK 2\laundr_app\vendor\laravel\framework\src\Illuminate\Database\Query\Processors\Processor.php:32
C:\Users\achma\Documents\PROYEK 2\laundr_app\vendor\laravel\framework\src\Illuminate\Database\Query\Builder.php:3028
C:\Users\achma\Documents\PROYEK 2\laundr_app\vendor\laravel\framework\src\Illuminate\Database\Eloquent\Builder.php:1657
C:\Users\achma\Documents\PROYEK 2\laundr_app\vendor\laravel\framework\src\Illuminate\Database\Eloquent\Model.php:1188
C:\Users\achma\Documents\PROYEK 2\laundr_app\vendor\laravel\framework\src\Illuminate\Database\Eloquent\Model.php:1153
C:\Users\achma\Documents\PROYEK 2\laundr_app\vendor\laravel\framework\src\Illuminate\Database\Eloquent\Model.php:994
C:\Users\achma\Documents\PROYEK 2\laundr_app\vendor\laravel\framework\src\Illuminate\Database\Eloquent\Builder.php:896
C:\Users\achma\Documents\PROYEK 2\laundr_app\vendor\laravel\framework\src\Illuminate\Support\helpers.php:263
C:\Users\achma\Documents\PROYEK 2\laundr_app\vendor\laravel\framework\src\Illuminate\Database\Eloquent\Builder.php:895
C:\Users\achma\Documents\PROYEK 2\laundr_app\vendor\laravel\framework\src\Illuminate\Support\Traits\ForwardsCalls.php:23
C:\Users\achma\Documents\PROYEK 2\laundr_app\vendor\laravel\framework\src\Illuminate\Database\Eloquent\Model.php:2132
C:\Users\achma\Documents\PROYEK 2\laundr_app\vendor\laravel\framework\src\Illuminate\Database\Eloquent\Model.php:2144
C:\Users\achma\Documents\PROYEK 2\laundr_app\tests\Unit\ModelRelationshipTest.php:87

Caused by
PDOException: SQLSTATE[HY000]: General error: 1364 Field 'recipient' doesn't have a default value

C:\Users\achma\Documents\PROYEK 2\laundr_app\vendor\laravel\framework\src\Illuminate\Database\Connection.php:501
C:\Users\achma\Documents\PROYEK 2\laundr_app\vendor\laravel\framework\src\Illuminate\Database\Connection.php:705
C:\Users\achma\Documents\PROYEK 2\laundr_app\vendor\laravel\framework\src\Illuminate\Database\Connection.php:672
C:\Users\achma\Documents\PROYEK 2\laundr_app\vendor\laravel\framework\src\Illuminate\Database\Connection.php:490
C:\Users\achma\Documents\PROYEK 2\laundr_app\vendor\laravel\framework\src\Illuminate\Database\Connection.php:454
C:\Users\achma\Documents\PROYEK 2\laundr_app\vendor\laravel\framework\src\Illuminate\Database\Query\Processors\Processor.php:32
C:\Users\achma\Documents\PROYEK 2\laundr_app\vendor\laravel\framework\src\Illuminate\Database\Query\Builder.php:3028
C:\Users\achma\Documents\PROYEK 2\laundr_app\vendor\laravel\framework\src\Illuminate\Database\Eloquent\Builder.php:1657
C:\Users\achma\Documents\PROYEK 2\laundr_app\vendor\laravel\framework\src\Illuminate\Database\Eloquent\Model.php:1188
C:\Users\achma\Documents\PROYEK 2\laundr_app\vendor\laravel\framework\src\Illuminate\Database\Eloquent\Model.php:1153
C:\Users\achma\Documents\PROYEK 2\laundr_app\vendor\laravel\framework\src\Illuminate\Database\Eloquent\Model.php:994
C:\Users\achma\Documents\PROYEK 2\laundr_app\vendor\laravel\framework\src\Illuminate\Database\Eloquent\Builder.php:896
C:\Users\achma\Documents\PROYEK 2\laundr_app\vendor\laravel\framework\src\Illuminate\Support\helpers.php:263
C:\Users\achma\Documents\PROYEK 2\laundr_app\vendor\laravel\framework\src\Illuminate\Database\Eloquent\Builder.php:895
C:\Users\achma\Documents\PROYEK 2\laundr_app\vendor\laravel\framework\src\Illuminate\Support\Traits\ForwardsCalls.php:23
C:\Users\achma\Documents\PROYEK 2\laundr_app\vendor\laravel\framework\src\Illuminate\Database\Eloquent\Model.php:2132
C:\Users\achma\Documents\PROYEK 2\laundr_app\vendor\laravel\framework\src\Illuminate\Database\Eloquent\Model.php:2144
C:\Users\achma\Documents\PROYEK 2\laundr_app\tests\Unit\ModelRelationshipTest.php:87

--

There were 10 failures:

1) Tests\Feature\AdminTest::non_admin_cannot_access_admin_dashboard
Expected response status code [403] but received 302.
Failed asserting that 403 is identical to 302.

C:\Users\achma\Documents\PROYEK 2\laundr_app\vendor\laravel\framework\src\Illuminate\Testing\TestResponse.php:177
C:\Users\achma\Documents\PROYEK 2\laundr_app\tests\Feature\AdminTest.php:54

2) Tests\Feature\AdminTest::admin_can_export_excel
Expected response status code [200] but received 500.

The following exception occurred during the request:

ErrorException: Cannot modify header information - headers already sent by (output started at C:\Users\achma\Documents\PROYEK 2\laundr_app\vendor\phpunit\phpunit\src\Util\Printer.php:104) in C:\Users\achma\Documents\PROYEK 2\laundr_app\app\Http\Controllers\AdminController.php:118
Stack trace:
#0 [internal function]: Illuminate\Foundation\Bootstrap\HandleExceptions->handleError(2, 'Cannot modify h...', 'C:\\Users\\achma\\...', 118)
#1 C:\Users\achma\Documents\PROYEK 2\laundr_app\app\Http\Controllers\AdminController.php(118): header('Content-Type: a...')
#2 C:\Users\achma\Documents\PROYEK 2\laundr_app\vendor\laravel\framework\src\Illuminate\Routing\Controller.php(54): App\Http\Controllers\AdminController->exportLaporan()
#3 C:\Users\achma\Documents\PROYEK 2\laundr_app\vendor\laravel\framework\src\Illuminate\Routing\ControllerDispatcher.php(45): Illuminate\Routing\Controller->callAction('exportLaporan', Array)
#4 C:\Users\achma\Documents\PROYEK 2\laundr_app\vendor\laravel\framework\src\Illuminate\Routing\Route.php(261): Illuminate\Routing\ControllerDispatcher->dispatch(Object(Illuminate\Routing\Route), Object(App\Http\Controllers\AdminController), 'exportLaporan')
#5 C:\Users\achma\Documents\PROYEK 2\laundr_app\vendor\laravel\framework\src\Illuminate\Routing\Route.php(205): Illuminate\Routing\Route->runController()
#6 C:\Users\achma\Documents\PROYEK 2\laundr_app\vendor\laravel\framework\src\Illuminate\Routing\Router.php(721): Illuminate\Routing\Route->run()
#7 C:\Users\achma\Documents\PROYEK 2\laundr_app\vendor\laravel\framework\src\Illuminate\Pipeline\Pipeline.php(128): Illuminate\Routing\Router->Illuminate\Routing\{closure}(Object(Illuminate\Http\Request))
#8 C:\Users\achma\Documents\PROYEK 2\laundr_app\app\Http\Middleware\AdminMiddleware.php(15): Illuminate\Pipeline\Pipeline->Illuminate\Pipeline\{closure}(Object(Illuminate\Http\Request))
#9 C:\Users\achma\Documents\PROYEK 2\laundr_app\vendor\laravel\framework\src\Illuminate\Pipeline\Pipeline.php(167): App\Http\Middleware\AdminMiddleware->handle(Object(Illuminate\Http\Request), Object(Closure))
#10 C:\Users\achma\Documents\PROYEK 2\laundr_app\vendor\laravel\framework\src\Illuminate\Routing\Middleware\SubstituteBindings.php(50): Illuminate\Pipeline\Pipeline->Illuminate\Pipeline\{closure}(Object(Illuminate\Http\Request))
#11 C:\Users\achma\Documents\PROYEK 2\laundr_app\vendor\laravel\framework\src\Illuminate\Pipeline\Pipeline.php(167): Illuminate\Routing\Middleware\SubstituteBindings->handle(Object(Illuminate\Http\Request), Object(Closure))
#12 C:\Users\achma\Documents\PROYEK 2\laundr_app\vendor\laravel\framework\src\Illuminate\Auth\Middleware\Authenticate.php(44): Illuminate\Pipeline\Pipeline->Illuminate\Pipeline\{closure}(Object(Illuminate\Http\Request))
#13 C:\Users\achma\Documents\PROYEK 2\laundr_app\vendor\laravel\framework\src\Illuminate\Pipeline\Pipeline.php(167): Illuminate\Auth\Middleware\Authenticate->handle(Object(Illuminate\Http\Request), Object(Closure))
#14 C:\Users\achma\Documents\PROYEK 2\laundr_app\vendor\laravel\framework\src\Illuminate\Foundation\Http\Middleware\VerifyCsrfToken.php(78): Illuminate\Pipeline\Pipeline->Illuminate\Pipeline\{closure}(Object(Illuminate\Http\Request))
#15 C:\Users\achma\Documents\PROYEK 2\laundr_app\vendor\laravel\framework\src\Illuminate\Pipeline\Pipeline.php(167): Illuminate\Foundation\Http\Middleware\VerifyCsrfToken->handle(Object(Illuminate\Http\Request), Object(Closure))
#16 C:\Users\achma\Documents\PROYEK 2\laundr_app\vendor\laravel\framework\src\Illuminate\View\Middleware\ShareErrorsFromSession.php(49): Illuminate\Pipeline\Pipeline->Illuminate\Pipeline\{closure}(Object(Illuminate\Http\Request))
#17 C:\Users\achma\Documents\PROYEK 2\laundr_app\vendor\laravel\framework\src\Illuminate\Pipeline\Pipeline.php(167): Illuminate\View\Middleware\ShareErrorsFromSession->handle(Object(Illuminate\Http\Request), Object(Closure))
#18 C:\Users\achma\Documents\PROYEK 2\laundr_app\vendor\laravel\framework\src\Illuminate\Session\Middleware\StartSession.php(121): Illuminate\Pipeline\Pipeline->Illuminate\Pipeline\{closure}(Object(Illuminate\Http\Request))
#19 C:\Users\achma\Documents\PROYEK 2\laundr_app\vendor\laravel\framework\src\Illuminate\Session\Middleware\StartSession.php(64): Illuminate\Session\Middleware\StartSession->handleStatefulRequest(Object(Illuminate\Http\Request), Object(Illuminate\Session\Store), Object(Closure))
#20 C:\Users\achma\Documents\PROYEK 2\laundr_app\vendor\laravel\framework\src\Illuminate\Pipeline\Pipeline.php(167): Illuminate\Session\Middleware\StartSession->handle(Object(Illuminate\Http\Request), Object(Closure))
#21 C:\Users\achma\Documents\PROYEK 2\laundr_app\vendor\laravel\framework\src\Illuminate\Cookie\Middleware\AddQueuedCookiesToResponse.php(37): Illuminate\Pipeline\Pipeline->Illuminate\Pipeline\{closure}(Object(Illuminate\Http\Request))
#22 C:\Users\achma\Documents\PROYEK 2\laundr_app\vendor\laravel\framework\src\Illuminate\Pipeline\Pipeline.php(167): Illuminate\Cookie\Middleware\AddQueuedCookiesToResponse->handle(Object(Illuminate\Http\Request), Object(Closure))
#23 C:\Users\achma\Documents\PROYEK 2\laundr_app\vendor\laravel\framework\src\Illuminate\Cookie\Middleware\EncryptCookies.php(67): Illuminate\Pipeline\Pipeline->Illuminate\Pipeline\{closure}(Object(Illuminate\Http\Request))
#24 C:\Users\achma\Documents\PROYEK 2\laundr_app\vendor\laravel\framework\src\Illuminate\Pipeline\Pipeline.php(167): Illuminate\Cookie\Middleware\EncryptCookies->handle(Object(Illuminate\Http\Request), Object(Closure))
#25 C:\Users\achma\Documents\PROYEK 2\laundr_app\vendor\laravel\framework\src\Illuminate\Pipeline\Pipeline.php(103): Illuminate\Pipeline\Pipeline->Illuminate\Pipeline\{closure}(Object(Illuminate\Http\Request))
#26 C:\Users\achma\Documents\PROYEK 2\laundr_app\vendor\laravel\framework\src\Illuminate\Routing\Router.php(719): Illuminate\Pipeline\Pipeline->then(Object(Closure))
#27 C:\Users\achma\Documents\PROYEK 2\laundr_app\vendor\laravel\framework\src\Illuminate\Routing\Router.php(698): Illuminate\Routing\Router->runRouteWithinStack(Object(Illuminate\Routing\Route), Object(Illuminate\Http\Request))
#28 C:\Users\achma\Documents\PROYEK 2\laundr_app\vendor\laravel\framework\src\Illuminate\Routing\Router.php(662): Illuminate\Routing\Router->runRoute(Object(Illuminate\Http\Request), Object(Illuminate\Routing\Route))
#29 C:\Users\achma\Documents\PROYEK 2\laundr_app\vendor\laravel\framework\src\Illuminate\Routing\Router.php(651): Illuminate\Routing\Router->dispatchToRoute(Object(Illuminate\Http\Request))
#30 C:\Users\achma\Documents\PROYEK 2\laundr_app\vendor\laravel\framework\src\Illuminate\Foundation\Http\Kernel.php(167): Illuminate\Routing\Router->dispatch(Object(Illuminate\Http\Request))
#31 C:\Users\achma\Documents\PROYEK 2\laundr_app\vendor\laravel\framework\src\Illuminate\Pipeline\Pipeline.php(128): Illuminate\Foundation\Http\Kernel->Illuminate\Foundation\Http\{closure}(Object(Illuminate\Http\Request))
#32 C:\Users\achma\Documents\PROYEK 2\laundr_app\vendor\laravel\framework\src\Illuminate\Foundation\Http\Middleware\TransformsRequest.php(21): Illuminate\Pipeline\Pipeline->Illuminate\Pipeline\{closure}(Object(Illuminate\Http\Request))
#33 C:\Users\achma\Documents\PROYEK 2\laundr_app\vendor\laravel\framework\src\Illuminate\Foundation\Http\Middleware\ConvertEmptyStringsToNull.php(31): Illuminate\Foundation\Http\Middleware\TransformsRequest->handle(Object(Illuminate\Http\Request), Object(Closure))
#34 C:\Users\achma\Documents\PROYEK 2\laundr_app\vendor\laravel\framework\src\Illuminate\Pipeline\Pipeline.php(167): Illuminate\Foundation\Http\Middleware\ConvertEmptyStringsToNull->handle(Object(Illuminate\Http\Request), Object(Closure))
#35 C:\Users\achma\Documents\PROYEK 2\laundr_app\vendor\laravel\framework\src\Illuminate\Foundation\Http\Middleware\TransformsRequest.php(21): Illuminate\Pipeline\Pipeline->Illuminate\Pipeline\{closure}(Object(Illuminate\Http\Request))
#36 C:\Users\achma\Documents\PROYEK 2\laundr_app\vendor\laravel\framework\src\Illuminate\Foundation\Http\Middleware\TrimStrings.php(40): Illuminate\Foundation\Http\Middleware\TransformsRequest->handle(Object(Illuminate\Http\Request), Object(Closure))
#37 C:\Users\achma\Documents\PROYEK 2\laundr_app\vendor\laravel\framework\src\Illuminate\Pipeline\Pipeline.php(167): Illuminate\Foundation\Http\Middleware\TrimStrings->handle(Object(Illuminate\Http\Request), Object(Closure))
#38 C:\Users\achma\Documents\PROYEK 2\laundr_app\vendor\laravel\framework\src\Illuminate\Foundation\Http\Middleware\ValidatePostSize.php(27): Illuminate\Pipeline\Pipeline->Illuminate\Pipeline\{closure}(Object(Illuminate\Http\Request))
#39 C:\Users\achma\Documents\PROYEK 2\laundr_app\vendor\laravel\framework\src\Illuminate\Pipeline\Pipeline.php(167): Illuminate\Foundation\Http\Middleware\ValidatePostSize->handle(Object(Illuminate\Http\Request), Object(Closure))
#40 C:\Users\achma\Documents\PROYEK 2\laundr_app\vendor\laravel\framework\src\Illuminate\Foundation\Http\Middleware\PreventRequestsDuringMaintenance.php(86): Illuminate\Pipeline\Pipeline->Illuminate\Pipeline\{closure}(Object(Illuminate\Http\Request))
#41 C:\Users\achma\Documents\PROYEK 2\laundr_app\vendor\laravel\framework\src\Illuminate\Pipeline\Pipeline.php(167): Illuminate\Foundation\Http\Middleware\PreventRequestsDuringMaintenance->handle(Object(Illuminate\Http\Request), Object(Closure))
#42 C:\Users\achma\Documents\PROYEK 2\laundr_app\vendor\fruitcake\laravel-cors\src\HandleCors.php(38): Illuminate\Pipeline\Pipeline->Illuminate\Pipeline\{closure}(Object(Illuminate\Http\Request))
#43 C:\Users\achma\Documents\PROYEK 2\laundr_app\vendor\laravel\framework\src\Illuminate\Pipeline\Pipeline.php(167): Fruitcake\Cors\HandleCors->handle(Object(Illuminate\Http\Request), Object(Closure))
#44 C:\Users\achma\Documents\PROYEK 2\laundr_app\vendor\laravel\framework\src\Illuminate\Http\Middleware\TrustProxies.php(39): Illuminate\Pipeline\Pipeline->Illuminate\Pipeline\{closure}(Object(Illuminate\Http\Request))
#45 C:\Users\achma\Documents\PROYEK 2\laundr_app\vendor\laravel\framework\src\Illuminate\Pipeline\Pipeline.php(167): Illuminate\Http\Middleware\TrustProxies->handle(Object(Illuminate\Http\Request), Object(Closure))
#46 C:\Users\achma\Documents\PROYEK 2\laundr_app\vendor\laravel\framework\src\Illuminate\Pipeline\Pipeline.php(103): Illuminate\Pipeline\Pipeline->Illuminate\Pipeline\{closure}(Object(Illuminate\Http\Request))
#47 C:\Users\achma\Documents\PROYEK 2\laundr_app\vendor\laravel\framework\src\Illuminate\Foundation\Http\Kernel.php(142): Illuminate\Pipeline\Pipeline->then(Object(Closure))
#48 C:\Users\achma\Documents\PROYEK 2\laundr_app\vendor\laravel\framework\src\Illuminate\Foundation\Http\Kernel.php(111): Illuminate\Foundation\Http\Kernel->sendRequestThroughRouter(Object(Illuminate\Http\Request))
#49 C:\Users\achma\Documents\PROYEK 2\laundr_app\vendor\laravel\framework\src\Illuminate\Foundation\Testing\Concerns\MakesHttpRequests.php(509): Illuminate\Foundation\Http\Kernel->handle(Object(Illuminate\Http\Request))
#50 C:\Users\achma\Documents\PROYEK 2\laundr_app\vendor\laravel\framework\src\Illuminate\Foundation\Testing\Concerns\MakesHttpRequests.php(294): Illuminate\Foundation\Testing\TestCase->call('GET', '/admin/export', Array, Array, Array, Array)
#51 C:\Users\achma\Documents\PROYEK 2\laundr_app\tests\Feature\AdminTest.php(121): Illuminate\Foundation\Testing\TestCase->get('/admin/export')
#52 C:\Users\achma\Documents\PROYEK 2\laundr_app\vendor\phpunit\phpunit\src\Framework\TestCase.php(1617): Tests\Feature\AdminTest->admin_can_export_excel()
#53 C:\Users\achma\Documents\PROYEK 2\laundr_app\vendor\phpunit\phpunit\src\Framework\TestCase.php(1223): PHPUnit\Framework\TestCase->runTest()
#54 C:\Users\achma\Documents\PROYEK 2\laundr_app\vendor\phpunit\phpunit\src\Framework\TestResult.php(729): PHPUnit\Framework\TestCase->runBare()
#55 C:\Users\achma\Documents\PROYEK 2\laundr_app\vendor\phpunit\phpunit\src\Framework\TestCase.php(973): PHPUnit\Framework\TestResult->run(Object(Tests\Feature\AdminTest))
#56 C:\Users\achma\Documents\PROYEK 2\laundr_app\vendor\phpunit\phpunit\src\Framework\TestSuite.php(685): PHPUnit\Framework\TestCase->run(Object(PHPUnit\Framework\TestResult))
#57 C:\Users\achma\Documents\PROYEK 2\laundr_app\vendor\phpunit\phpunit\src\Framework\TestSuite.php(685): PHPUnit\Framework\TestSuite->run(Object(PHPUnit\Framework\TestResult))
#58 C:\Users\achma\Documents\PROYEK 2\laundr_app\vendor\phpunit\phpunit\src\Framework\TestSuite.php(685): PHPUnit\Framework\TestSuite->run(Object(PHPUnit\Framework\TestResult))
#59 C:\Users\achma\Documents\PROYEK 2\laundr_app\vendor\phpunit\phpunit\src\TextUI\TestRunner.php(651): PHPUnit\Framework\TestSuite->run(Object(PHPUnit\Framework\TestResult))
#60 C:\Users\achma\Documents\PROYEK 2\laundr_app\vendor\phpunit\phpunit\src\TextUI\Command.php(146): PHPUnit\TextUI\TestRunner->run(Object(PHPUnit\Framework\TestSuite), Array, Array, true)
#61 C:\Users\achma\Documents\PROYEK 2\laundr_app\vendor\phpunit\phpunit\src\TextUI\Command.php(99): PHPUnit\TextUI\Command->run(Array, true)
#62 C:\Users\achma\Documents\PROYEK 2\laundr_app\vendor\phpunit\phpunit\phpunit(107): PHPUnit\TextUI\Command::main()
#63 C:\Users\achma\Documents\PROYEK 2\laundr_app\vendor\bin\phpunit(122): include('C:\\Users\\achma\\...')
#64 {main}
Failed asserting that 200 is identical to 500.

C:\Users\achma\Documents\PROYEK 2\laundr_app\vendor\laravel\framework\src\Illuminate\Testing\TestResponse.php:177
C:\Users\achma\Documents\PROYEK 2\laundr_app\tests\Feature\AdminTest.php:122

3) Tests\Feature\Auth\RegistrationTest::test_new_users_can_register
The user is not authenticated
Failed asserting that false is true.

C:\Users\achma\Documents\PROYEK 2\laundr_app\vendor\laravel\framework\src\Illuminate\Foundation\Testing\Concerns\InteractsWithAuthentication.php:49
C:\Users\achma\Documents\PROYEK 2\laundr_app\tests\Feature\Auth\RegistrationTest.php:29

4) Tests\Feature\VoucherControllerTest::guest_can_access_voucher_page
Expected response status code [200] but received 404.
Failed asserting that 200 is identical to 404.

C:\Users\achma\Documents\PROYEK 2\laundr_app\vendor\laravel\framework\src\Illuminate\Testing\TestResponse.php:177
C:\Users\achma\Documents\PROYEK 2\laundr_app\tests\Feature\VoucherControllerTest.php:31

5) Tests\Feature\VoucherControllerTest::valid_voucher_returns_success
Expected response status code [200] but received 302.

The following errors occurred during the request:

The total field is required.

Failed asserting that 200 is identical to 302.

C:\Users\achma\Documents\PROYEK 2\laundr_app\vendor\laravel\framework\src\Illuminate\Testing\TestResponse.php:177
C:\Users\achma\Documents\PROYEK 2\laundr_app\tests\Feature\VoucherControllerTest.php:55

6) Tests\Feature\VoucherControllerTest::invalid_voucher_code_returns_error
Expected response status code [200] but received 302.

The following errors occurred during the request:

The total field is required.

Failed asserting that 200 is identical to 302.

C:\Users\achma\Documents\PROYEK 2\laundr_app\vendor\laravel\framework\src\Illuminate\Testing\TestResponse.php:177
C:\Users\achma\Documents\PROYEK 2\laundr_app\tests\Feature\VoucherControllerTest.php:67

7) Tests\Feature\VoucherControllerTest::expired_voucher_returns_error
Expected response status code [200] but received 302.

The following errors occurred during the request:

The total field is required.

Failed asserting that 200 is identical to 302.

C:\Users\achma\Documents\PROYEK 2\laundr_app\vendor\laravel\framework\src\Illuminate\Testing\TestResponse.php:177
C:\Users\achma\Documents\PROYEK 2\laundr_app\tests\Feature\VoucherControllerTest.php:91

8) Tests\Feature\VoucherControllerTest::voucher_below_minimum_order_returns_error
Expected response status code [200] but received 302.

The following errors occurred during the request:

The total field is required.

Failed asserting that 200 is identical to 302.

C:\Users\achma\Documents\PROYEK 2\laundr_app\vendor\laravel\framework\src\Illuminate\Testing\TestResponse.php:177
C:\Users\achma\Documents\PROYEK 2\laundr_app\tests\Feature\VoucherControllerTest.php:115

9) Tests\Feature\VoucherControllerTest::inactive_voucher_returns_error
Expected response status code [200] but received 302.

The following errors occurred during the request:

The total field is required.

Failed asserting that 200 is identical to 302.

C:\Users\achma\Documents\PROYEK 2\laundr_app\vendor\laravel\framework\src\Illuminate\Testing\TestResponse.php:177
C:\Users\achma\Documents\PROYEK 2\laundr_app\tests\Feature\VoucherControllerTest.php:139

10) Tests\Feature\VoucherControllerTest::fixed_discount_voucher_works
Expected response status code [200] but received 302.

The following errors occurred during the request:

The total field is required.

Failed asserting that 200 is identical to 302.

C:\Users\achma\Documents\PROYEK 2\laundr_app\vendor\laravel\framework\src\Illuminate\Testing\TestResponse.php:177
C:\Users\achma\Documents\PROYEK 2\laundr_app\tests\Feature\VoucherControllerTest.php:163

ERRORS!
Tests: 107, Assertions: 168, Errors: 2, Failures: 10.


[1;37;40mCode Coverage Report:      [0m
[1;37;40m  2026-01-27 16:34:55      [0m
[1;37;40m                           [0m
[1;37;40m Summary:                  [0m
[30;43m  Classes: 58.33% (21/36)  [0m
[30;43m  Methods: 75.00% (60/80)  [0m
[30;43m  Lines:   66.73% (371/556)[0m

App\Console\Kernel
  [37;41mMethods:  50.00% ( 1/ 2)[0m   [30;43mLines:  66.67% (  2/  3)[0m
App\Exceptions\Handler
  [30;42mMethods: 100.00% ( 1/ 1)[0m   [30;42mLines: 100.00% (  2/  2)[0m
App\Http\Controllers\AddressController
  [30;42mMethods: 100.00% ( 6/ 6)[0m   [30;42mLines: 100.00% ( 46/ 46)[0m
App\Http\Controllers\AdminController
  [30;43mMethods:  87.50% ( 7/ 8)[0m   [30;42mLines:  98.06% (101/103)[0m
App\Http\Controllers\Auth\AuthenticatedSessionController
  [37;41mMethods:  33.33% ( 1/ 3)[0m   [37;41mLines:  50.00% (  5/ 10)[0m
App\Http\Controllers\Auth\ConfirmablePasswordController
  [30;42mMethods: 100.00% ( 2/ 2)[0m   [30;42mLines: 100.00% ( 10/ 10)[0m
App\Http\Controllers\Auth\EmailVerificationNotificationController
  [37;41mMethods:   0.00% ( 0/ 1)[0m   [37;41mLines:   0.00% (  0/  4)[0m
App\Http\Controllers\Auth\EmailVerificationPromptController
  [37;41mMethods:   0.00% ( 0/ 1)[0m   [30;43mLines:  66.67% (  2/  3)[0m
App\Http\Controllers\Auth\NewPasswordController
  [30;42mMethods: 100.00% ( 2/ 2)[0m   [30;42mLines: 100.00% ( 20/ 20)[0m
App\Http\Controllers\Auth\PasswordResetLinkController
  [30;42mMethods: 100.00% ( 2/ 2)[0m   [30;42mLines: 100.00% ( 11/ 11)[0m
App\Http\Controllers\Auth\RegisteredUserController
  [30;42mMethods: 100.00% ( 2/ 2)[0m   [30;42mLines: 100.00% ( 13/ 13)[0m
App\Http\Controllers\Auth\VerifyEmailController
  [37;41mMethods:   0.00% ( 0/ 1)[0m   [30;43mLines:  80.00% (  4/  5)[0m
App\Http\Controllers\Controller
  [30;42mMethods:  ( 0/ 0)[0m   [30;42mLines:  (  0/  0)[0m
App\Http\Controllers\LaundryController
  [37;41mMethods:  42.86% ( 3/ 7)[0m   [37;41mLines:  21.38% ( 34/159)[0m
App\Http\Controllers\NotificationController
  [30;42mMethods: 100.00% ( 3/ 3)[0m   [30;42mLines: 100.00% (  6/  6)[0m
App\Http\Controllers\ReviewController
  [30;42mMethods: 100.00% ( 2/ 2)[0m   [30;42mLines: 100.00% ( 30/ 30)[0m
App\Http\Controllers\VoucherController
  [37;41mMethods:   0.00% ( 0/ 2)[0m   [37;41mLines:  12.90% (  4/ 31)[0m
App\Http\Kernel
  [30;42mMethods:  ( 0/ 0)[0m   [30;42mLines:  (  0/  0)[0m
App\Http\Middleware\AdminMiddleware
  [30;42mMethods: 100.00% ( 1/ 1)[0m   [30;42mLines: 100.00% (  3/  3)[0m
App\Http\Middleware\Authenticate
  [30;42mMethods: 100.00% ( 1/ 1)[0m   [30;42mLines: 100.00% (  2/  2)[0m
App\Http\Middleware\EncryptCookies
  [30;42mMethods:  ( 0/ 0)[0m   [30;42mLines:  (  0/  0)[0m
App\Http\Middleware\IsAdmin
  [37;41mMethods:   0.00% ( 0/ 1)[0m   [37;41mLines:   0.00% (  0/  3)[0m
App\Http\Middleware\PreventRequestsDuringMaintenance
  [30;42mMethods:  ( 0/ 0)[0m   [30;42mLines:  (  0/  0)[0m
App\Http\Middleware\RedirectIfAuthenticated
  [37;41mMethods:   0.00% ( 0/ 1)[0m   [30;43mLines:  80.00% (  4/  5)[0m
App\Http\Middleware\TrimStrings
  [30;42mMethods:  ( 0/ 0)[0m   [30;42mLines:  (  0/  0)[0m
App\Http\Middleware\TrustHosts
  [37;41mMethods:   0.00% ( 0/ 1)[0m   [37;41mLines:   0.00% (  0/  3)[0m
App\Http\Middleware\TrustProxies
  [30;42mMethods:  ( 0/ 0)[0m   [30;42mLines:  (  0/  0)[0m
App\Http\Middleware\VerifyCsrfToken
  [30;42mMethods:  ( 0/ 0)[0m   [30;42mLines:  (  0/  0)[0m
App\Http\Requests\Auth\LoginRequest
  [30;43mMethods:  80.00% ( 4/ 5)[0m   [30;43mLines:  65.22% ( 15/ 23)[0m
App\Models\Review
  [30;42mMethods: 100.00% ( 2/ 2)[0m   [30;42mLines: 100.00% (  2/  2)[0m
App\Models\Service
  [30;42mMethods: 100.00% ( 1/ 1)[0m   [30;42mLines: 100.00% (  1/  1)[0m
App\Models\Transaction
  [30;42mMethods: 100.00% ( 3/ 3)[0m   [30;42mLines: 100.00% (  3/  3)[0m
App\Models\User
  [30;43mMethods:  75.00% ( 3/ 4)[0m   [30;43mLines:  75.00% (  3/  4)[0m
App\Models\UserAddress
  [30;42mMethods: 100.00% ( 1/ 1)[0m   [30;42mLines: 100.00% (  1/  1)[0m
App\Models\Voucher
  [30;42mMethods: 100.00% ( 2/ 2)[0m   [30;42mLines: 100.00% ( 18/ 18)[0m
App\Notifications\StatusNotification
  [30;42mMethods: 100.00% ( 3/ 3)[0m   [30;42mLines: 100.00% ( 11/ 11)[0m
App\Providers\AppServiceProvider
  [30;42mMethods: 100.00% ( 2/ 2)[0m   [30;42mLines: 100.00% (  2/  2)[0m
App\Providers\AuthServiceProvider
  [30;42mMethods: 100.00% ( 1/ 1)[0m   [30;42mLines: 100.00% (  1/  1)[0m
App\Providers\BroadcastServiceProvider
  [37;41mMethods:   0.00% ( 0/ 1)[0m   [37;41mLines:   0.00% (  0/  2)[0m
App\Providers\EventServiceProvider
  [30;42mMethods: 100.00% ( 1/ 1)[0m   [30;42mLines: 100.00% (  1/  1)[0m
App\Providers\RouteServiceProvider
  [37;41mMethods:  50.00% ( 1/ 2)[0m   [30;42mLines:  92.31% ( 12/ 13)[0m
App\View\Components\AppLayout
  [30;42mMethods: 100.00% ( 1/ 1)[0m   [30;42mLines: 100.00% (  1/  1)[0m
App\View\Components\GuestLayout
  [30;42mMethods: 100.00% ( 1/ 1)[0m   [30;42mLines: 100.00% (  1/  1)[0m
